{"meta": {"format": 3, "version": "7.13.5", "timestamp": "2026-04-06T14:44:56.736821", "branch_coverage": false, "show_contexts": false}, "files": {"arbitrage\\amplifier.py": {"executed_lines": [], "summary": {"covered_lines": 0, "num_statements": 41, "percent_covered": 0.0, "percent_covered_display": "0.0", "missing_lines": 41, "excluded_lines": 14, "percent_statements_covered": 0.0, "percent_statements_covered_display": "0.0"}, "missing_lines": [1, 2, 7, 8, 10, 11, 12, 13, 14, 15, 17, 22, 23, 26, 34, 38, 39, 40, 42, 44, 46, 48, 51, 52, 53, 54, 55, 56, 59, 60, 62, 64, 66, 70, 72, 74, 75, 76, 78, 81, 82], "excluded_lines": [84, 86, 88, 99, 100, 101, 102, 103, 104, 105, 106, 107, 108, 109], "functions": {"AdrionAmplifier.__init__": {"executed_lines": [], "summary": {"covered_lines": 0, "num_statements": 4, "percent_covered": 0.0, "percent_covered_display": "0.0", "missing_lines": 4, "excluded_lines": 0, "percent_statements_covered": 0.0, "percent_statements_covered_display": "0.0"}, "missing_lines": [12, 13, 14, 15], "excluded_lines": [], "start_line": 11}, "AdrionAmplifier.analyze_achievement": {"executed_lines": [], "summary": {"covered_lines": 0, "num_statements": 9, "percent_covered": 0.0, "percent_covered_display": "0.0", "missing_lines": 9, "excluded_lines": 0, "percent_statements_covered": 0.0, "percent_statements_covered_display": "0.0"}, "missing_lines": [22, 23, 26, 34, 38, 39, 40, 42, 44], "excluded_lines": [], "start_line": 17}, "AdrionAmplifier.generate_post_content": {"executed_lines": [], "summary": {"covered_lines": 0, "num_statements": 11, "percent_covered": 0.0, "percent_covered_display": "0.0", "missing_lines": 11, "excluded_lines": 0, "percent_statements_covered": 0.0, "percent_statements_covered_display": "0.0"}, "missing_lines": [48, 51, 52, 53, 54, 55, 56, 59, 60, 62, 64], "excluded_lines": [], "start_line": 46}, "AdrionAmplifier._verify_authenticity": {"executed_lines": [], "summary": {"covered_lines": 0, "num_statements": 1, "percent_covered": 0.0, "percent_covered_display": "0.0", "missing_lines": 1, "excluded_lines": 0, "percent_statements_covered": 0.0, "percent_statements_covered_display": "0.0"}, "missing_lines": [70], "excluded_lines": [], "start_line": 66}, "AdrionAmplifier.publish_to_linkedin": {"executed_lines": [], "summary": {"covered_lines": 0, "num_statements": 6, "percent_covered": 0.0, "percent_covered_display": "0.0", "missing_lines": 6, "excluded_lines": 0, "percent_statements_covered": 0.0, "percent_statements_covered_display": "0.0"}, "missing_lines": [74, 75, 76, 78, 81, 82], "excluded_lines": [], "start_line": 72}, "": {"executed_lines": [], "summary": {"covered_lines": 0, "num_statements": 10, "percent_covered": 0.0, "percent_covered_display": "0.0", "missing_lines": 10, "excluded_lines": 14, "percent_statements_covered": 0.0, "percent_statements_covered_display": "0.0"}, "missing_lines": [1, 2, 7, 8, 10, 11, 17, 46, 66, 72], "excluded_lines": [84, 86, 88, 99, 100, 101, 102, 103, 104, 105, 106, 107, 108, 109], "start_line": 1}}, "classes": {"AdrionAmplifier": {"executed_lines": [], "summary": {"covered_lines": 0, "num_statements": 31, "percent_covered": 0.0, "percent_covered_display": "0.0", "missing_lines": 31, "excluded_lines": 0, "percent_statements_covered": 0.0, "percent_statements_covered_display": "0.0"}, "missing_lines": [12, 13, 14, 15, 22, 23, 26, 34, 38, 39, 40, 42, 44, 48, 51, 52, 53, 54, 55, 56, 59, 60, 62, 64, 70, 74, 75, 76, 78, 81, 82], "excluded_lines": [], "start_line": 10}, "": {"executed_lines": [], "summary": {"covered_lines": 0, "num_statements": 10, "percent_covered": 0.0, "percent_covered_display": "0.0", "missing_lines": 10, "excluded_lines": 14, "percent_statements_covered": 0.0, "percent_statements_covered_display": "0.0"}, "missing_lines": [1, 2, 7, 8, 10, 11, 17, 46, 66, 72], "excluded_lines": [84, 86, 88, 99, 100, 101, 102, 103, 104, 105, 106, 107, 108, 109], "start_line": 1}}}, "arbitrage\\analyzer.py": {"executed_lines": [], "summary": {"covered_lines": 0, "num_statements": 76, "percent_covered": 0.0, "percent_covered_display": "0.0", "missing_lines": 76, "excluded_lines": 0, "percent_statements_covered": 0.0, "percent_statements_covered_display": "0.0"}, "missing_lines": [11, 12, 13, 15, 27, 30, 31, 32, 36, 45, 48, 49, 50, 51, 60, 63, 64, 65, 66, 72, 75, 76, 77, 78, 79, 80, 91, 96, 97, 99, 100, 101, 102, 103, 105, 113, 114, 115, 116, 117, 118, 119, 120, 122, 124, 126, 127, 128, 129, 130, 131, 133, 134, 136, 137, 138, 139, 142, 144, 154, 156, 157, 158, 159, 162, 164, 165, 166, 167, 170, 176, 177, 178, 179, 180, 181], "excluded_lines": [], "functions": {"_call_openrouter": {"executed_lines": [], "summary": {"covered_lines": 0, "num_statements": 4, "percent_covered": 0.0, "percent_covered_display": "0.0", "missing_lines": 4, "excluded_lines": 0, "percent_statements_covered": 0.0, "percent_statements_covered_display": "0.0"}, "missing_lines": [31, 32, 36, 45], "excluded_lines": [], "start_line": 30}, "_call_openai": {"executed_lines": [], "summary": {"covered_lines": 0, "num_statements": 4, "percent_covered": 0.0, "percent_covered_display": "0.0", "missing_lines": 4, "excluded_lines": 0, "percent_statements_covered": 0.0, "percent_statements_covered_display": "0.0"}, "missing_lines": [49, 50, 51, 60], "excluded_lines": [], "start_line": 48}, "_call_anthropic": {"executed_lines": [], "summary": {"covered_lines": 0, "num_statements": 4, "percent_covered": 0.0, "percent_covered_display": "0.0", "missing_lines": 4, "excluded_lines": 0, "percent_statements_covered": 0.0, "percent_statements_covered_display": "0.0"}, "missing_lines": [64, 65, 66, 72], "excluded_lines": [], "start_line": 63}, "_mock_analyze": {"executed_lines": [], "summary": {"covered_lines": 0, "num_statements": 5, "percent_covered": 0.0, "percent_covered_display": "0.0", "missing_lines": 5, "excluded_lines": 0, "percent_statements_covered": 0.0, "percent_statements_covered_display": "0.0"}, "missing_lines": [76, 77, 78, 79, 80], "excluded_lines": [], "start_line": 75}, "analyze_job": {"executed_lines": [], "summary": {"covered_lines": 0, "num_statements": 30, "percent_covered": 0.0, "percent_covered_display": "0.0", "missing_lines": 30, "excluded_lines": 0, "percent_statements_covered": 0.0, "percent_statements_covered_display": "0.0"}, "missing_lines": [96, 97, 99, 100, 101, 102, 103, 105, 113, 114, 115, 116, 117, 118, 119, 120, 122, 124, 126, 127, 128, 129, 130, 131, 133, 134, 136, 137, 138, 139], "excluded_lines": [], "start_line": 91}, "filter_worthy": {"executed_lines": [], "summary": {"covered_lines": 0, "num_statements": 1, "percent_covered": 0.0, "percent_covered_display": "0.0", "missing_lines": 1, "excluded_lines": 0, "percent_statements_covered": 0.0, "percent_statements_covered_display": "0.0"}, "missing_lines": [144], "excluded_lines": [], "start_line": 142}, "digital_root": {"executed_lines": [], "summary": {"covered_lines": 0, "num_statements": 4, "percent_covered": 0.0, "percent_covered_display": "0.0", "missing_lines": 4, "excluded_lines": 0, "percent_statements_covered": 0.0, "percent_statements_covered_display": "0.0"}, "missing_lines": [156, 157, 158, 159], "excluded_lines": [], "start_line": 154}, "vortex_filter": {"executed_lines": [], "summary": {"covered_lines": 0, "num_statements": 4, "percent_covered": 0.0, "percent_covered_display": "0.0", "missing_lines": 4, "excluded_lines": 0, "percent_statements_covered": 0.0, "percent_statements_covered_display": "0.0"}, "missing_lines": [164, 165, 166, 167], "excluded_lines": [], "start_line": 162}, "calculate_market_resonance": {"executed_lines": [], "summary": {"covered_lines": 0, "num_statements": 6, "percent_covered": 0.0, "percent_covered_display": "0.0", "missing_lines": 6, "excluded_lines": 0, "percent_statements_covered": 0.0, "percent_statements_covered_display": "0.0"}, "missing_lines": [176, 177, 178, 179, 180, 181], "excluded_lines": [], "start_line": 170}, "": {"executed_lines": [], "summary": {"covered_lines": 0, "num_statements": 14, "percent_covered": 0.0, "percent_covered_display": "0.0", "missing_lines": 14, "excluded_lines": 0, "percent_statements_covered": 0.0, "percent_statements_covered_display": "0.0"}, "missing_lines": [11, 12, 13, 15, 27, 30, 48, 63, 75, 91, 142, 154, 162, 170], "excluded_lines": [], "start_line": 1}}, "classes": {"": {"executed_lines": [], "summary": {"covered_lines": 0, "num_statements": 76, "percent_covered": 0.0, "percent_covered_display": "0.0", "missing_lines": 76, "excluded_lines": 0, "percent_statements_covered": 0.0, "percent_statements_covered_display": "0.0"}, "missing_lines": [11, 12, 13, 15, 27, 30, 31, 32, 36, 45, 48, 49, 50, 51, 60, 63, 64, 65, 66, 72, 75, 76, 77, 78, 79, 80, 91, 96, 97, 99, 100, 101, 102, 103, 105, 113, 114, 115, 116, 117, 118, 119, 120, 122, 124, 126, 127, 128, 129, 130, 131, 133, 134, 136, 137, 138, 139, 142, 144, 154, 156, 157, 158, 159, 162, 164, 165, 166, 167, 170, 176, 177, 178, 179, 180, 181], "excluded_lines": [], "start_line": 1}}}, "arbitrage\\api.py": {"executed_lines": [], "summary": {"covered_lines": 0, "num_statements": 380, "percent_covered": 0.0, "percent_covered_display": "0.0", "missing_lines": 380, "excluded_lines": 3, "percent_statements_covered": 0.0, "percent_statements_covered_display": "0.0"}, "missing_lines": [28, 29, 30, 31, 32, 33, 34, 35, 37, 45, 46, 47, 48, 51, 68, 71, 72, 73, 74, 81, 82, 83, 86, 87, 88, 91, 92, 93, 96, 97, 98, 99, 102, 103, 104, 107, 108, 113, 116, 117, 123, 126, 127, 128, 131, 132, 133, 134, 137, 138, 139, 142, 143, 144, 151, 153, 154, 155, 156, 157, 158, 159, 160, 162, 163, 164, 165, 166, 167, 169, 170, 171, 173, 174, 175, 176, 177, 178, 179, 180, 181, 182, 183, 184, 185, 186, 187, 188, 189, 190, 192, 193, 194, 195, 197, 198, 199, 202, 203, 204, 206, 207, 208, 209, 210, 211, 212, 213, 214, 215, 216, 217, 218, 219, 220, 221, 222, 223, 224, 225, 226, 227, 228, 229, 231, 232, 233, 234, 238, 239, 240, 241, 242, 243, 244, 253, 254, 255, 256, 257, 259, 260, 261, 263, 264, 265, 266, 268, 269, 270, 271, 273, 274, 275, 276, 277, 278, 279, 281, 282, 283, 284, 285, 286, 287, 288, 289, 291, 292, 293, 294, 295, 296, 297, 298, 300, 301, 303, 304, 305, 306, 307, 308, 309, 310, 311, 312, 313, 315, 321, 323, 324, 325, 326, 327, 328, 329, 330, 331, 332, 333, 334, 335, 336, 337, 338, 339, 340, 342, 343, 344, 346, 348, 349, 350, 351, 352, 353, 354, 355, 356, 358, 360, 361, 362, 363, 364, 366, 367, 368, 369, 371, 372, 373, 374, 375, 377, 378, 380, 382, 383, 384, 385, 386, 388, 389, 390, 391, 392, 394, 395, 396, 398, 399, 400, 402, 404, 405, 407, 409, 410, 411, 412, 414, 415, 416, 417, 418, 419, 421, 423, 424, 425, 426, 427, 428, 429, 430, 431, 432, 433, 434, 435, 437, 439, 440, 441, 442, 443, 444, 445, 446, 447, 448, 449, 451, 453, 454, 455, 456, 457, 458, 459, 460, 461, 462, 464, 466, 468, 469, 470, 471, 472, 473, 474, 475, 476, 477, 478, 479, 485, 487, 489, 490, 491, 492, 493, 494, 495, 496, 497, 499, 501, 502, 503, 504, 505, 506, 507, 508, 509, 510, 511, 512, 518, 520, 522, 523, 524, 525, 526, 528, 530, 532, 533, 534, 536, 540, 541, 542, 543, 545, 569, 570, 571, 572, 573, 574, 576, 577, 584, 586, 587, 588, 589, 590, 591, 592, 593, 594], "excluded_lines": [597, 598, 600], "functions": {"_increment": {"executed_lines": [], "summary": {"covered_lines": 0, "num_statements": 3, "percent_covered": 0.0, "percent_covered_display": "0.0", "missing_lines": 3, "excluded_lines": 0, "percent_statements_covered": 0.0, "percent_statements_covered_display": "0.0"}, "missing_lines": [72, 73, 74], "excluded_lines": [], "start_line": 71}, "_db": {"executed_lines": [], "summary": {"covered_lines": 0, "num_statements": 2, "percent_covered": 0.0, "percent_covered_display": "0.0", "missing_lines": 2, "excluded_lines": 0, "percent_statements_covered": 0.0, "percent_statements_covered_display": "0.0"}, "missing_lines": [82, 83], "excluded_lines": [], "start_line": 81}, "_xrp": {"executed_lines": [], "summary": {"covered_lines": 0, "num_statements": 2, "percent_covered": 0.0, "percent_covered_display": "0.0", "missing_lines": 2, "excluded_lines": 0, "percent_statements_covered": 0.0, "percent_statements_covered_display": "0.0"}, "missing_lines": [87, 88], "excluded_lines": [], "start_line": 86}, "_scout": {"executed_lines": [], "summary": {"covered_lines": 0, "num_statements": 2, "percent_covered": 0.0, "percent_covered_display": "0.0", "missing_lines": 2, "excluded_lines": 0, "percent_statements_covered": 0.0, "percent_statements_covered_display": "0.0"}, "missing_lines": [92, 93], "excluded_lines": [], "start_line": 91}, "_analyzer": {"executed_lines": [], "summary": {"covered_lines": 0, "num_statements": 3, "percent_covered": 0.0, "percent_covered_display": "0.0", "missing_lines": 3, "excluded_lines": 0, "percent_statements_covered": 0.0, "percent_statements_covered_display": "0.0"}, "missing_lines": [97, 98, 99], "excluded_lines": [], "start_line": 96}, "_config": {"executed_lines": [], "summary": {"covered_lines": 0, "num_statements": 2, "percent_covered": 0.0, "percent_covered_display": "0.0", "missing_lines": 2, "excluded_lines": 0, "percent_statements_covered": 0.0, "percent_statements_covered_display": "0.0"}, "missing_lines": [103, 104], "excluded_lines": [], "start_line": 102}, "_payments": {"executed_lines": [], "summary": {"covered_lines": 0, "num_statements": 2, "percent_covered": 0.0, "percent_covered_display": "0.0", "missing_lines": 2, "excluded_lines": 0, "percent_statements_covered": 0.0, "percent_statements_covered_display": "0.0"}, "missing_lines": [108, 113], "excluded_lines": [], "start_line": 107}, "_quantum": {"executed_lines": [], "summary": {"covered_lines": 0, "num_statements": 2, "percent_covered": 0.0, "percent_covered_display": "0.0", "missing_lines": 2, "excluded_lines": 0, "percent_statements_covered": 0.0, "percent_statements_covered_display": "0.0"}, "missing_lines": [117, 123], "excluded_lines": [], "start_line": 116}, "_oracle": {"executed_lines": [], "summary": {"covered_lines": 0, "num_statements": 2, "percent_covered": 0.0, "percent_covered_display": "0.0", "missing_lines": 2, "excluded_lines": 0, "percent_statements_covered": 0.0, "percent_statements_covered_display": "0.0"}, "missing_lines": [127, 128], "excluded_lines": [], "start_line": 126}, "_wholesale": {"executed_lines": [], "summary": {"covered_lines": 0, "num_statements": 3, "percent_covered": 0.0, "percent_covered_display": "0.0", "missing_lines": 3, "excluded_lines": 0, "percent_statements_covered": 0.0, "percent_statements_covered_display": "0.0"}, "missing_lines": [132, 133, 134], "excluded_lines": [], "start_line": 131}, "_wholesale_cycle": {"executed_lines": [], "summary": {"covered_lines": 0, "num_statements": 2, "percent_covered": 0.0, "percent_covered_display": "0.0", "missing_lines": 2, "excluded_lines": 0, "percent_statements_covered": 0.0, "percent_statements_covered_display": "0.0"}, "missing_lines": [138, 139], "excluded_lines": [], "start_line": 137}, "_mass_generator": {"executed_lines": [], "summary": {"covered_lines": 0, "num_statements": 2, "percent_covered": 0.0, "percent_covered_display": "0.0", "missing_lines": 2, "excluded_lines": 0, "percent_statements_covered": 0.0, "percent_statements_covered_display": "0.0"}, "missing_lines": [143, 144], "excluded_lines": [], "start_line": 142}, "ArbitrageHandler._send": {"executed_lines": [], "summary": {"covered_lines": 0, "num_statements": 7, "percent_covered": 0.0, "percent_covered_display": "0.0", "missing_lines": 7, "excluded_lines": 0, "percent_statements_covered": 0.0, "percent_statements_covered_display": "0.0"}, "missing_lines": [154, 155, 156, 157, 158, 159, 160], "excluded_lines": [], "start_line": 153}, "ArbitrageHandler.do_OPTIONS": {"executed_lines": [], "summary": {"covered_lines": 0, "num_statements": 5, "percent_covered": 0.0, "percent_covered_display": "0.0", "missing_lines": 5, "excluded_lines": 0, "percent_statements_covered": 0.0, "percent_statements_covered_display": "0.0"}, "missing_lines": [163, 164, 165, 166, 167], "excluded_lines": [], "start_line": 162}, "ArbitrageHandler.do_GET": {"executed_lines": [], "summary": {"covered_lines": 0, "num_statements": 24, "percent_covered": 0.0, "percent_covered_display": "0.0", "missing_lines": 24, "excluded_lines": 0, "percent_statements_covered": 0.0, "percent_statements_covered_display": "0.0"}, "missing_lines": [170, 171, 173, 174, 175, 176, 177, 178, 179, 180, 181, 182, 183, 184, 185, 186, 187, 188, 189, 190, 192, 193, 194, 195], "excluded_lines": [], "start_line": 169}, "ArbitrageHandler.do_POST": {"executed_lines": [], "summary": {"covered_lines": 0, "num_statements": 33, "percent_covered": 0.0, "percent_covered_display": "0.0", "missing_lines": 33, "excluded_lines": 0, "percent_statements_covered": 0.0, "percent_statements_covered_display": "0.0"}, "missing_lines": [198, 199, 202, 203, 204, 206, 207, 208, 209, 210, 211, 212, 213, 214, 215, 216, 217, 218, 219, 220, 221, 222, 223, 224, 225, 226, 227, 228, 229, 231, 232, 233, 234], "excluded_lines": [], "start_line": 197}, "ArbitrageHandler._handle_status": {"executed_lines": [], "summary": {"covered_lines": 0, "num_statements": 6, "percent_covered": 0.0, "percent_covered_display": "0.0", "missing_lines": 6, "excluded_lines": 0, "percent_statements_covered": 0.0, "percent_statements_covered_display": "0.0"}, "missing_lines": [239, 240, 241, 242, 243, 244], "excluded_lines": [], "start_line": 238}, "ArbitrageHandler._handle_kpis": {"executed_lines": [], "summary": {"covered_lines": 0, "num_statements": 4, "percent_covered": 0.0, "percent_covered_display": "0.0", "missing_lines": 4, "excluded_lines": 0, "percent_statements_covered": 0.0, "percent_statements_covered_display": "0.0"}, "missing_lines": [254, 255, 256, 257], "excluded_lines": [], "start_line": 253}, "ArbitrageHandler._handle_stats": {"executed_lines": [], "summary": {"covered_lines": 0, "num_statements": 2, "percent_covered": 0.0, "percent_covered_display": "0.0", "missing_lines": 2, "excluded_lines": 0, "percent_statements_covered": 0.0, "percent_statements_covered_display": "0.0"}, "missing_lines": [260, 261], "excluded_lines": [], "start_line": 259}, "ArbitrageHandler._handle_jobs": {"executed_lines": [], "summary": {"covered_lines": 0, "num_statements": 3, "percent_covered": 0.0, "percent_covered_display": "0.0", "missing_lines": 3, "excluded_lines": 0, "percent_statements_covered": 0.0, "percent_statements_covered_display": "0.0"}, "missing_lines": [264, 265, 266], "excluded_lines": [], "start_line": 263}, "ArbitrageHandler._handle_bids_pending": {"executed_lines": [], "summary": {"covered_lines": 0, "num_statements": 3, "percent_covered": 0.0, "percent_covered_display": "0.0", "missing_lines": 3, "excluded_lines": 0, "percent_statements_covered": 0.0, "percent_statements_covered_display": "0.0"}, "missing_lines": [269, 270, 271], "excluded_lines": [], "start_line": 268}, "ArbitrageHandler._handle_bid_approve": {"executed_lines": [], "summary": {"covered_lines": 0, "num_statements": 6, "percent_covered": 0.0, "percent_covered_display": "0.0", "missing_lines": 6, "excluded_lines": 0, "percent_statements_covered": 0.0, "percent_statements_covered_display": "0.0"}, "missing_lines": [274, 275, 276, 277, 278, 279], "excluded_lines": [], "start_line": 273}, "ArbitrageHandler._handle_scout": {"executed_lines": [], "summary": {"covered_lines": 0, "num_statements": 8, "percent_covered": 0.0, "percent_covered_display": "0.0", "missing_lines": 8, "excluded_lines": 0, "percent_statements_covered": 0.0, "percent_statements_covered_display": "0.0"}, "missing_lines": [282, 283, 284, 285, 286, 287, 288, 289], "excluded_lines": [], "start_line": 281}, "ArbitrageHandler._handle_analyze_batch": {"executed_lines": [], "summary": {"covered_lines": 0, "num_statements": 21, "percent_covered": 0.0, "percent_covered_display": "0.0", "missing_lines": 21, "excluded_lines": 0, "percent_statements_covered": 0.0, "percent_statements_covered_display": "0.0"}, "missing_lines": [292, 293, 294, 295, 296, 297, 298, 300, 301, 303, 304, 305, 306, 307, 308, 309, 310, 311, 312, 313, 315], "excluded_lines": [], "start_line": 291}, "ArbitrageHandler._handle_cycle": {"executed_lines": [], "summary": {"covered_lines": 0, "num_statements": 9, "percent_covered": 0.0, "percent_covered_display": "0.0", "missing_lines": 9, "excluded_lines": 0, "percent_statements_covered": 0.0, "percent_statements_covered_display": "0.0"}, "missing_lines": [323, 324, 325, 326, 327, 328, 342, 343, 344], "excluded_lines": [], "start_line": 321}, "ArbitrageHandler._handle_cycle._run": {"executed_lines": [], "summary": {"covered_lines": 0, "num_statements": 12, "percent_covered": 0.0, "percent_covered_display": "0.0", "missing_lines": 12, "excluded_lines": 0, "percent_statements_covered": 0.0, "percent_statements_covered_display": "0.0"}, "missing_lines": [329, 330, 331, 332, 333, 334, 335, 336, 337, 338, 339, 340], "excluded_lines": [], "start_line": 328}, "ArbitrageHandler._handle_checkout": {"executed_lines": [], "summary": {"covered_lines": 0, "num_statements": 9, "percent_covered": 0.0, "percent_covered_display": "0.0", "missing_lines": 9, "excluded_lines": 0, "percent_statements_covered": 0.0, "percent_statements_covered_display": "0.0"}, "missing_lines": [348, 349, 350, 351, 352, 353, 354, 355, 356], "excluded_lines": [], "start_line": 346}, "ArbitrageHandler._handle_webhook": {"executed_lines": [], "summary": {"covered_lines": 0, "num_statements": 16, "percent_covered": 0.0, "percent_covered_display": "0.0", "missing_lines": 16, "excluded_lines": 0, "percent_statements_covered": 0.0, "percent_statements_covered_display": "0.0"}, "missing_lines": [360, 361, 362, 363, 364, 366, 367, 368, 369, 371, 372, 373, 374, 375, 377, 378], "excluded_lines": [], "start_line": 358}, "ArbitrageHandler._handle_quantum_decide": {"executed_lines": [], "summary": {"covered_lines": 0, "num_statements": 16, "percent_covered": 0.0, "percent_covered_display": "0.0", "missing_lines": 16, "excluded_lines": 0, "percent_statements_covered": 0.0, "percent_statements_covered_display": "0.0"}, "missing_lines": [382, 383, 384, 385, 386, 388, 389, 390, 391, 392, 394, 395, 396, 398, 399, 400], "excluded_lines": [], "start_line": 380}, "ArbitrageHandler._handle_quantum_status": {"executed_lines": [], "summary": {"covered_lines": 0, "num_statements": 2, "percent_covered": 0.0, "percent_covered_display": "0.0", "missing_lines": 2, "excluded_lines": 0, "percent_statements_covered": 0.0, "percent_statements_covered_display": "0.0"}, "missing_lines": [404, 405], "excluded_lines": [], "start_line": 402}, "ArbitrageHandler._handle_quantum_scan": {"executed_lines": [], "summary": {"covered_lines": 0, "num_statements": 10, "percent_covered": 0.0, "percent_covered_display": "0.0", "missing_lines": 10, "excluded_lines": 0, "percent_statements_covered": 0.0, "percent_statements_covered_display": "0.0"}, "missing_lines": [409, 410, 411, 412, 414, 415, 416, 417, 418, 419], "excluded_lines": [], "start_line": 407}, "ArbitrageHandler._handle_oracle_predict": {"executed_lines": [], "summary": {"covered_lines": 0, "num_statements": 13, "percent_covered": 0.0, "percent_covered_display": "0.0", "missing_lines": 13, "excluded_lines": 0, "percent_statements_covered": 0.0, "percent_statements_covered_display": "0.0"}, "missing_lines": [423, 424, 425, 426, 427, 428, 429, 430, 431, 432, 433, 434, 435], "excluded_lines": [], "start_line": 421}, "ArbitrageHandler._handle_oracle_scan": {"executed_lines": [], "summary": {"covered_lines": 0, "num_statements": 11, "percent_covered": 0.0, "percent_covered_display": "0.0", "missing_lines": 11, "excluded_lines": 0, "percent_statements_covered": 0.0, "percent_statements_covered_display": "0.0"}, "missing_lines": [439, 440, 441, 442, 443, 444, 445, 446, 447, 448, 449], "excluded_lines": [], "start_line": 437}, "ArbitrageHandler._handle_wholesale_scout": {"executed_lines": [], "summary": {"covered_lines": 0, "num_statements": 11, "percent_covered": 0.0, "percent_covered_display": "0.0", "missing_lines": 11, "excluded_lines": 0, "percent_statements_covered": 0.0, "percent_statements_covered_display": "0.0"}, "missing_lines": [453, 454, 455, 456, 457, 458, 459, 460, 461, 462, 464], "excluded_lines": [], "start_line": 451}, "ArbitrageHandler._handle_wholesale_cycle": {"executed_lines": [], "summary": {"covered_lines": 0, "num_statements": 13, "percent_covered": 0.0, "percent_covered_display": "0.0", "missing_lines": 13, "excluded_lines": 0, "percent_statements_covered": 0.0, "percent_statements_covered_display": "0.0"}, "missing_lines": [468, 469, 470, 471, 472, 473, 474, 475, 476, 477, 478, 479, 485], "excluded_lines": [], "start_line": 466}, "ArbitrageHandler._handle_wholesale_deals": {"executed_lines": [], "summary": {"covered_lines": 0, "num_statements": 9, "percent_covered": 0.0, "percent_covered_display": "0.0", "missing_lines": 9, "excluded_lines": 0, "percent_statements_covered": 0.0, "percent_statements_covered_display": "0.0"}, "missing_lines": [489, 490, 491, 492, 493, 494, 495, 496, 497], "excluded_lines": [], "start_line": 487}, "ArbitrageHandler._handle_mass_generate": {"executed_lines": [], "summary": {"covered_lines": 0, "num_statements": 13, "percent_covered": 0.0, "percent_covered_display": "0.0", "missing_lines": 13, "excluded_lines": 0, "percent_statements_covered": 0.0, "percent_statements_covered_display": "0.0"}, "missing_lines": [501, 502, 503, 504, 505, 506, 507, 508, 509, 510, 511, 512, 518], "excluded_lines": [], "start_line": 499}, "ArbitrageHandler._handle_get_manifest": {"executed_lines": [], "summary": {"covered_lines": 0, "num_statements": 6, "percent_covered": 0.0, "percent_covered_display": "0.0", "missing_lines": 6, "excluded_lines": 0, "percent_statements_covered": 0.0, "percent_statements_covered_display": "0.0"}, "missing_lines": [522, 523, 524, 525, 526, 528], "excluded_lines": [], "start_line": 520}, "ArbitrageHandler._handle_metrics": {"executed_lines": [], "summary": {"covered_lines": 0, "num_statements": 15, "percent_covered": 0.0, "percent_covered_display": "0.0", "missing_lines": 15, "excluded_lines": 0, "percent_statements_covered": 0.0, "percent_statements_covered_display": "0.0"}, "missing_lines": [532, 533, 534, 536, 540, 541, 542, 543, 545, 569, 570, 571, 572, 573, 574], "excluded_lines": [], "start_line": 530}, "ArbitrageHandler.log_message": {"executed_lines": [], "summary": {"covered_lines": 0, "num_statements": 1, "percent_covered": 0.0, "percent_covered_display": "0.0", "missing_lines": 1, "excluded_lines": 0, "percent_statements_covered": 0.0, "percent_statements_covered_display": "0.0"}, "missing_lines": [577], "excluded_lines": [], "start_line": 576}, "run_api_server": {"executed_lines": [], "summary": {"covered_lines": 0, "num_statements": 9, "percent_covered": 0.0, "percent_covered_display": "0.0", "missing_lines": 9, "excluded_lines": 0, "percent_statements_covered": 0.0, "percent_statements_covered_display": "0.0"}, "missing_lines": [586, 587, 588, 589, 590, 591, 592, 593, 594], "excluded_lines": [], "start_line": 584}, "": {"executed_lines": [], "summary": {"covered_lines": 0, "num_statements": 56, "percent_covered": 0.0, "percent_covered_display": "0.0", "missing_lines": 56, "excluded_lines": 3, "percent_statements_covered": 0.0, "percent_statements_covered_display": "0.0"}, "missing_lines": [28, 29, 30, 31, 32, 33, 34, 35, 37, 45, 46, 47, 48, 51, 68, 71, 81, 86, 91, 96, 102, 107, 116, 126, 131, 137, 142, 151, 153, 162, 169, 197, 238, 253, 259, 263, 268, 273, 281, 291, 321, 346, 358, 380, 402, 407, 421, 437, 451, 466, 487, 499, 520, 530, 576, 584], "excluded_lines": [597, 598, 600], "start_line": 1}}, "classes": {"ArbitrageHandler": {"executed_lines": [], "summary": {"covered_lines": 0, "num_statements": 288, "percent_covered": 0.0, "percent_covered_display": "0.0", "missing_lines": 288, "excluded_lines": 0, "percent_statements_covered": 0.0, "percent_statements_covered_display": "0.0"}, "missing_lines": [154, 155, 156, 157, 158, 159, 160, 163, 164, 165, 166, 167, 170, 171, 173, 174, 175, 176, 177, 178, 179, 180, 181, 182, 183, 184, 185, 186, 187, 188, 189, 190, 192, 193, 194, 195, 198, 199, 202, 203, 204, 206, 207, 208, 209, 210, 211, 212, 213, 214, 215, 216, 217, 218, 219, 220, 221, 222, 223, 224, 225, 226, 227, 228, 229, 231, 232, 233, 234, 239, 240, 241, 242, 243, 244, 254, 255, 256, 257, 260, 261, 264, 265, 266, 269, 270, 271, 274, 275, 276, 277, 278, 279, 282, 283, 284, 285, 286, 287, 288, 289, 292, 293, 294, 295, 296, 297, 298, 300, 301, 303, 304, 305, 306, 307, 308, 309, 310, 311, 312, 313, 315, 323, 324, 325, 326, 327, 328, 329, 330, 331, 332, 333, 334, 335, 336, 337, 338, 339, 340, 342, 343, 344, 348, 349, 350, 351, 352, 353, 354, 355, 356, 360, 361, 362, 363, 364, 366, 367, 368, 369, 371, 372, 373, 374, 375, 377, 378, 382, 383, 384, 385, 386, 388, 389, 390, 391, 392, 394, 395, 396, 398, 399, 400, 404, 405, 409, 410, 411, 412, 414, 415, 416, 417, 418, 419, 423, 424, 425, 426, 427, 428, 429, 430, 431, 432, 433, 434, 435, 439, 440, 441, 442, 443, 444, 445, 446, 447, 448, 449, 453, 454, 455, 456, 457, 458, 459, 460, 461, 462, 464, 468, 469, 470, 471, 472, 473, 474, 475, 476, 477, 478, 479, 485, 489, 490, 491, 492, 493, 494, 495, 496, 497, 501, 502, 503, 504, 505, 506, 507, 508, 509, 510, 511, 512, 518, 522, 523, 524, 525, 526, 528, 532, 533, 534, 536, 540, 541, 542, 543, 545, 569, 570, 571, 572, 573, 574, 577], "excluded_lines": [], "start_line": 151}, "": {"executed_lines": [], "summary": {"covered_lines": 0, "num_statements": 92, "percent_covered": 0.0, "percent_covered_display": "0.0", "missing_lines": 92, "excluded_lines": 3, "percent_statements_covered": 0.0, "percent_statements_covered_display": "0.0"}, "missing_lines": [28, 29, 30, 31, 32, 33, 34, 35, 37, 45, 46, 47, 48, 51, 68, 71, 72, 73, 74, 81, 82, 83, 86, 87, 88, 91, 92, 93, 96, 97, 98, 99, 102, 103, 104, 107, 108, 113, 116, 117, 123, 126, 127, 128, 131, 132, 133, 134, 137, 138, 139, 142, 143, 144, 151, 153, 162, 169, 197, 238, 253, 259, 263, 268, 273, 281, 291, 321, 346, 358, 380, 402, 407, 421, 437, 451, 466, 487, 499, 520, 530, 576, 584, 586, 587, 588, 589, 590, 591, 592, 593, 594], "excluded_lines": [597, 598, 600], "start_line": 1}}}, "arbitrage\\autopilot.py": {"executed_lines": [], "summary": {"covered_lines": 0, "num_statements": 70, "percent_covered": 0.0, "percent_covered_display": "0.0", "missing_lines": 70, "excluded_lines": 0, "percent_statements_covered": 0.0, "percent_statements_covered_display": "0.0"}, "missing_lines": [5, 6, 7, 9, 10, 11, 12, 14, 17, 18, 19, 20, 21, 22, 23, 24, 25, 26, 28, 29, 30, 31, 33, 34, 35, 36, 37, 38, 43, 45, 46, 47, 48, 50, 51, 53, 54, 56, 57, 58, 59, 61, 62, 64, 65, 66, 76, 77, 78, 79, 80, 81, 94, 95, 96, 101, 112, 113, 114, 115, 116, 117, 119, 120, 121, 122, 124, 125, 126, 129], "excluded_lines": [], "functions": {"AutopilotService.__init__": {"executed_lines": [], "summary": {"covered_lines": 0, "num_statements": 8, "percent_covered": 0.0, "percent_covered_display": "0.0", "missing_lines": 8, "excluded_lines": 0, "percent_statements_covered": 0.0, "percent_statements_covered_display": "0.0"}, "missing_lines": [19, 20, 21, 22, 23, 24, 25, 26], "excluded_lines": [], "start_line": 18}, "AutopilotService.start": {"executed_lines": [], "summary": {"covered_lines": 0, "num_statements": 10, "percent_covered": 0.0, "percent_covered_display": "0.0", "missing_lines": 10, "excluded_lines": 0, "percent_statements_covered": 0.0, "percent_statements_covered_display": "0.0"}, "missing_lines": [29, 30, 31, 33, 34, 35, 36, 37, 38, 43], "excluded_lines": [], "start_line": 28}, "AutopilotService.stop": {"executed_lines": [], "summary": {"covered_lines": 0, "num_statements": 11, "percent_covered": 0.0, "percent_covered_display": "0.0", "missing_lines": 11, "excluded_lines": 0, "percent_statements_covered": 0.0, "percent_statements_covered_display": "0.0"}, "missing_lines": [46, 47, 48, 50, 51, 53, 54, 56, 57, 58, 59], "excluded_lines": [], "start_line": 45}, "AutopilotService.is_running": {"executed_lines": [], "summary": {"covered_lines": 0, "num_statements": 1, "percent_covered": 0.0, "percent_covered_display": "0.0", "missing_lines": 1, "excluded_lines": 0, "percent_statements_covered": 0.0, "percent_statements_covered_display": "0.0"}, "missing_lines": [62], "excluded_lines": [], "start_line": 61}, "AutopilotService.get_status": {"executed_lines": [], "summary": {"covered_lines": 0, "num_statements": 2, "percent_covered": 0.0, "percent_covered_display": "0.0", "missing_lines": 2, "excluded_lines": 0, "percent_statements_covered": 0.0, "percent_statements_covered_display": "0.0"}, "missing_lines": [65, 66], "excluded_lines": [], "start_line": 64}, "AutopilotService._loop": {"executed_lines": [], "summary": {"covered_lines": 0, "num_statements": 22, "percent_covered": 0.0, "percent_covered_display": "0.0", "missing_lines": 22, "excluded_lines": 0, "percent_statements_covered": 0.0, "percent_statements_covered_display": "0.0"}, "missing_lines": [77, 78, 79, 80, 81, 94, 95, 96, 101, 112, 113, 114, 115, 116, 117, 119, 120, 121, 122, 124, 125, 126], "excluded_lines": [], "start_line": 76}, "": {"executed_lines": [], "summary": {"covered_lines": 0, "num_statements": 16, "percent_covered": 0.0, "percent_covered_display": "0.0", "missing_lines": 16, "excluded_lines": 0, "percent_statements_covered": 0.0, "percent_statements_covered_display": "0.0"}, "missing_lines": [5, 6, 7, 9, 10, 11, 12, 14, 17, 18, 28, 45, 61, 64, 76, 129], "excluded_lines": [], "start_line": 1}}, "classes": {"AutopilotService": {"executed_lines": [], "summary": {"covered_lines": 0, "num_statements": 54, "percent_covered": 0.0, "percent_covered_display": "0.0", "missing_lines": 54, "excluded_lines": 0, "percent_statements_covered": 0.0, "percent_statements_covered_display": "0.0"}, "missing_lines": [19, 20, 21, 22, 23, 24, 25, 26, 29, 30, 31, 33, 34, 35, 36, 37, 38, 43, 46, 47, 48, 50, 51, 53, 54, 56, 57, 58, 59, 62, 65, 66, 77, 78, 79, 80, 81, 94, 95, 96, 101, 112, 113, 114, 115, 116, 117, 119, 120, 121, 122, 124, 125, 126], "excluded_lines": [], "start_line": 17}, "": {"executed_lines": [], "summary": {"covered_lines": 0, "num_statements": 16, "percent_covered": 0.0, "percent_covered_display": "0.0", "missing_lines": 16, "excluded_lines": 0, "percent_statements_covered": 0.0, "percent_statements_covered_display": "0.0"}, "missing_lines": [5, 6, 7, 9, 10, 11, 12, 14, 17, 18, 28, 45, 61, 64, 76, 129], "excluded_lines": [], "start_line": 1}}}, "arbitrage\\bidder.py": {"executed_lines": [], "summary": {"covered_lines": 0, "num_statements": 56, "percent_covered": 0.0, "percent_covered_display": "0.0", "missing_lines": 56, "excluded_lines": 0, "percent_statements_covered": 0.0, "percent_statements_covered_display": "0.0"}, "missing_lines": [6, 8, 17, 19, 22, 23, 24, 25, 26, 27, 28, 29, 32, 33, 46, 47, 48, 49, 51, 52, 53, 55, 63, 64, 65, 66, 67, 68, 77, 78, 80, 81, 82, 83, 92, 93, 95, 96, 97, 98, 104, 105, 107, 108, 110, 113, 118, 119, 120, 121, 122, 124, 126, 135, 136, 138], "excluded_lines": [], "functions": {"_days_estimate": {"executed_lines": [], "summary": {"covered_lines": 0, "num_statements": 7, "percent_covered": 0.0, "percent_covered_display": "0.0", "missing_lines": 7, "excluded_lines": 0, "percent_statements_covered": 0.0, "percent_statements_covered_display": "0.0"}, "missing_lines": [23, 24, 25, 26, 27, 28, 29], "excluded_lines": [], "start_line": 22}, "_mock_cover_letter": {"executed_lines": [], "summary": {"covered_lines": 0, "num_statements": 1, "percent_covered": 0.0, "percent_covered_display": "0.0", "missing_lines": 1, "excluded_lines": 0, "percent_statements_covered": 0.0, "percent_statements_covered_display": "0.0"}, "missing_lines": [33], "excluded_lines": [], "start_line": 32}, "_generate_cover_letter": {"executed_lines": [], "summary": {"covered_lines": 0, "num_statements": 30, "percent_covered": 0.0, "percent_covered_display": "0.0", "missing_lines": 30, "excluded_lines": 0, "percent_statements_covered": 0.0, "percent_statements_covered_display": "0.0"}, "missing_lines": [47, 48, 49, 51, 52, 53, 55, 63, 64, 65, 66, 67, 68, 77, 78, 80, 81, 82, 83, 92, 93, 95, 96, 97, 98, 104, 105, 107, 108, 110], "excluded_lines": [], "start_line": 46}, "create_bid": {"executed_lines": [], "summary": {"covered_lines": 0, "num_statements": 10, "percent_covered": 0.0, "percent_covered_display": "0.0", "missing_lines": 10, "excluded_lines": 0, "percent_statements_covered": 0.0, "percent_statements_covered_display": "0.0"}, "missing_lines": [118, 119, 120, 121, 122, 124, 126, 135, 136, 138], "excluded_lines": [], "start_line": 113}, "": {"executed_lines": [], "summary": {"covered_lines": 0, "num_statements": 8, "percent_covered": 0.0, "percent_covered_display": "0.0", "missing_lines": 8, "excluded_lines": 0, "percent_statements_covered": 0.0, "percent_statements_covered_display": "0.0"}, "missing_lines": [6, 8, 17, 19, 22, 32, 46, 113], "excluded_lines": [], "start_line": 1}}, "classes": {"": {"executed_lines": [], "summary": {"covered_lines": 0, "num_statements": 56, "percent_covered": 0.0, "percent_covered_display": "0.0", "missing_lines": 56, "excluded_lines": 0, "percent_statements_covered": 0.0, "percent_statements_covered_display": "0.0"}, "missing_lines": [6, 8, 17, 19, 22, 23, 24, 25, 26, 27, 28, 29, 32, 33, 46, 47, 48, 49, 51, 52, 53, 55, 63, 64, 65, 66, 67, 68, 77, 78, 80, 81, 82, 83, 92, 93, 95, 96, 97, 98, 104, 105, 107, 108, 110, 113, 118, 119, 120, 121, 122, 124, 126, 135, 136, 138], "excluded_lines": [], "start_line": 1}}}, "arbitrage\\circuit_breaker.py": {"executed_lines": [], "summary": {"covered_lines": 0, "num_statements": 87, "percent_covered": 0.0, "percent_covered_display": "0.0", "missing_lines": 87, "excluded_lines": 0, "percent_statements_covered": 0.0, "percent_statements_covered_display": "0.0"}, "missing_lines": [30, 31, 32, 33, 35, 37, 40, 43, 44, 45, 46, 51, 62, 69, 70, 71, 72, 74, 75, 76, 77, 78, 79, 83, 84, 86, 87, 88, 90, 99, 100, 102, 103, 107, 110, 111, 112, 113, 114, 115, 116, 118, 120, 121, 122, 123, 124, 125, 127, 129, 130, 141, 142, 143, 144, 145, 146, 147, 148, 149, 150, 151, 152, 154, 155, 156, 157, 159, 161, 162, 163, 167, 168, 169, 170, 175, 180, 182, 186, 187, 188, 193, 199, 205, 211, 218, 220], "excluded_lines": [], "functions": {"CircuitBreakerOpen.__init__": {"executed_lines": [], "summary": {"covered_lines": 0, "num_statements": 3, "percent_covered": 0.0, "percent_covered_display": "0.0", "missing_lines": 3, "excluded_lines": 0, "percent_statements_covered": 0.0, "percent_statements_covered_display": "0.0"}, "missing_lines": [44, 45, 46], "excluded_lines": [], "start_line": 43}, "CircuitBreaker.__init__": {"executed_lines": [], "summary": {"covered_lines": 0, "num_statements": 10, "percent_covered": 0.0, "percent_covered_display": "0.0", "missing_lines": 10, "excluded_lines": 0, "percent_statements_covered": 0.0, "percent_statements_covered_display": "0.0"}, "missing_lines": [69, 70, 71, 72, 74, 75, 76, 77, 78, 79], "excluded_lines": [], "start_line": 62}, "CircuitBreaker.state": {"executed_lines": [], "summary": {"covered_lines": 0, "num_statements": 3, "percent_covered": 0.0, "percent_covered_display": "0.0", "missing_lines": 3, "excluded_lines": 0, "percent_statements_covered": 0.0, "percent_statements_covered_display": "0.0"}, "missing_lines": [86, 87, 88], "excluded_lines": [], "start_line": 84}, "CircuitBreaker.call": {"executed_lines": [], "summary": {"covered_lines": 0, "num_statements": 12, "percent_covered": 0.0, "percent_covered_display": "0.0", "missing_lines": 12, "excluded_lines": 0, "percent_statements_covered": 0.0, "percent_statements_covered_display": "0.0"}, "missing_lines": [99, 100, 102, 103, 107, 110, 111, 112, 113, 114, 115, 116], "excluded_lines": [], "start_line": 90}, "CircuitBreaker.reset": {"executed_lines": [], "summary": {"covered_lines": 0, "num_statements": 6, "percent_covered": 0.0, "percent_covered_display": "0.0", "missing_lines": 6, "excluded_lines": 0, "percent_statements_covered": 0.0, "percent_statements_covered_display": "0.0"}, "missing_lines": [120, 121, 122, 123, 124, 125], "excluded_lines": [], "start_line": 118}, "CircuitBreaker.status": {"executed_lines": [], "summary": {"covered_lines": 0, "num_statements": 2, "percent_covered": 0.0, "percent_covered_display": "0.0", "missing_lines": 2, "excluded_lines": 0, "percent_statements_covered": 0.0, "percent_statements_covered_display": "0.0"}, "missing_lines": [129, 130], "excluded_lines": [], "start_line": 127}, "CircuitBreaker._on_success": {"executed_lines": [], "summary": {"covered_lines": 0, "num_statements": 11, "percent_covered": 0.0, "percent_covered_display": "0.0", "missing_lines": 11, "excluded_lines": 0, "percent_statements_covered": 0.0, "percent_statements_covered_display": "0.0"}, "missing_lines": [142, 143, 144, 145, 146, 147, 148, 149, 150, 151, 152], "excluded_lines": [], "start_line": 141}, "CircuitBreaker._on_failure": {"executed_lines": [], "summary": {"covered_lines": 0, "num_statements": 12, "percent_covered": 0.0, "percent_covered_display": "0.0", "missing_lines": 12, "excluded_lines": 0, "percent_statements_covered": 0.0, "percent_statements_covered_display": "0.0"}, "missing_lines": [155, 156, 157, 159, 161, 162, 163, 167, 168, 169, 170, 175], "excluded_lines": [], "start_line": 154}, "CircuitBreaker._maybe_transition_to_half_open": {"executed_lines": [], "summary": {"covered_lines": 0, "num_statements": 4, "percent_covered": 0.0, "percent_covered_display": "0.0", "missing_lines": 4, "excluded_lines": 0, "percent_statements_covered": 0.0, "percent_statements_covered_display": "0.0"}, "missing_lines": [182, 186, 187, 188], "excluded_lines": [], "start_line": 180}, "all_statuses": {"executed_lines": [], "summary": {"covered_lines": 0, "num_statements": 1, "percent_covered": 0.0, "percent_covered_display": "0.0", "missing_lines": 1, "excluded_lines": 0, "percent_statements_covered": 0.0, "percent_statements_covered_display": "0.0"}, "missing_lines": [220], "excluded_lines": [], "start_line": 218}, "": {"executed_lines": [], "summary": {"covered_lines": 0, "num_statements": 23, "percent_covered": 0.0, "percent_covered_display": "0.0", "missing_lines": 23, "excluded_lines": 0, "percent_statements_covered": 0.0, "percent_statements_covered_display": "0.0"}, "missing_lines": [30, 31, 32, 33, 35, 37, 40, 43, 51, 62, 83, 84, 90, 118, 127, 141, 154, 180, 193, 199, 205, 211, 218], "excluded_lines": [], "start_line": 1}}, "classes": {"CircuitBreakerOpen": {"executed_lines": [], "summary": {"covered_lines": 0, "num_statements": 3, "percent_covered": 0.0, "percent_covered_display": "0.0", "missing_lines": 3, "excluded_lines": 0, "percent_statements_covered": 0.0, "percent_statements_covered_display": "0.0"}, "missing_lines": [44, 45, 46], "excluded_lines": [], "start_line": 40}, "CircuitBreaker": {"executed_lines": [], "summary": {"covered_lines": 0, "num_statements": 60, "percent_covered": 0.0, "percent_covered_display": "0.0", "missing_lines": 60, "excluded_lines": 0, "percent_statements_covered": 0.0, "percent_statements_covered_display": "0.0"}, "missing_lines": [69, 70, 71, 72, 74, 75, 76, 77, 78, 79, 86, 87, 88, 99, 100, 102, 103, 107, 110, 111, 112, 113, 114, 115, 116, 120, 121, 122, 123, 124, 125, 129, 130, 142, 143, 144, 145, 146, 147, 148, 149, 150, 151, 152, 155, 156, 157, 159, 161, 162, 163, 167, 168, 169, 170, 175, 182, 186, 187, 188], "excluded_lines": [], "start_line": 51}, "": {"executed_lines": [], "summary": {"covered_lines": 0, "num_statements": 24, "percent_covered": 0.0, "percent_covered_display": "0.0", "missing_lines": 24, "excluded_lines": 0, "percent_statements_covered": 0.0, "percent_statements_covered_display": "0.0"}, "missing_lines": [30, 31, 32, 33, 35, 37, 40, 43, 51, 62, 83, 84, 90, 118, 127, 141, 154, 180, 193, 199, 205, 211, 218, 220], "excluded_lines": [], "start_line": 1}}}, "arbitrage\\config.py": {"executed_lines": [], "summary": {"covered_lines": 0, "num_statements": 49, "percent_covered": 0.0, "percent_covered_display": "0.0", "missing_lines": 49, "excluded_lines": 0, "percent_statements_covered": 0.0, "percent_statements_covered_display": "0.0"}, "missing_lines": [1, 2, 4, 6, 7, 8, 9, 10, 11, 12, 13, 14, 15, 16, 17, 18, 19, 20, 21, 22, 23, 24, 25, 26, 27, 28, 29, 30, 31, 32, 36, 50, 64, 71, 83, 91, 93, 94, 95, 96, 97, 98, 99, 100, 101, 104, 112, 113, 114], "excluded_lines": [], "functions": {"get_active_llm_backend": {"executed_lines": [], "summary": {"covered_lines": 0, "num_statements": 9, "percent_covered": 0.0, "percent_covered_display": "0.0", "missing_lines": 9, "excluded_lines": 0, "percent_statements_covered": 0.0, "percent_statements_covered_display": "0.0"}, "missing_lines": [93, 94, 95, 96, 97, 98, 99, 100, 101], "excluded_lines": [], "start_line": 91}, "validate_db_url": {"executed_lines": [], "summary": {"covered_lines": 0, "num_statements": 3, "percent_covered": 0.0, "percent_covered_display": "0.0", "missing_lines": 3, "excluded_lines": 0, "percent_statements_covered": 0.0, "percent_statements_covered_display": "0.0"}, "missing_lines": [112, 113, 114], "excluded_lines": [], "start_line": 104}, "": {"executed_lines": [], "summary": {"covered_lines": 0, "num_statements": 37, "percent_covered": 0.0, "percent_covered_display": "0.0", "missing_lines": 37, "excluded_lines": 0, "percent_statements_covered": 0.0, "percent_statements_covered_display": "0.0"}, "missing_lines": [1, 2, 4, 6, 7, 8, 9, 10, 11, 12, 13, 14, 15, 16, 17, 18, 19, 20, 21, 22, 23, 24, 25, 26, 27, 28, 29, 30, 31, 32, 36, 50, 64, 71, 83, 91, 104], "excluded_lines": [], "start_line": 1}}, "classes": {"": {"executed_lines": [], "summary": {"covered_lines": 0, "num_statements": 49, "percent_covered": 0.0, "percent_covered_display": "0.0", "missing_lines": 49, "excluded_lines": 0, "percent_statements_covered": 0.0, "percent_statements_covered_display": "0.0"}, "missing_lines": [1, 2, 4, 6, 7, 8, 9, 10, 11, 12, 13, 14, 15, 16, 17, 18, 19, 20, 21, 22, 23, 24, 25, 26, 27, 28, 29, 30, 31, 32, 36, 50, 64, 71, 83, 91, 93, 94, 95, 96, 97, 98, 99, 100, 101, 104, 112, 113, 114], "excluded_lines": [], "start_line": 1}}}, "arbitrage\\database.py": {"executed_lines": [], "summary": {"covered_lines": 0, "num_statements": 164, "percent_covered": 0.0, "percent_covered_display": "0.0", "missing_lines": 164, "excluded_lines": 0, "percent_statements_covered": 0.0, "percent_statements_covered_display": "0.0"}, "missing_lines": [6, 7, 8, 9, 11, 13, 16, 19, 33, 34, 35, 36, 37, 38, 39, 41, 42, 43, 44, 45, 46, 47, 48, 49, 50, 53, 58, 59, 60, 63, 65, 66, 67, 68, 69, 72, 75, 76, 77, 78, 79, 80, 82, 84, 86, 87, 88, 89, 90, 91, 92, 93, 94, 95, 98, 99, 100, 101, 104, 106, 107, 196, 263, 265, 266, 272, 275, 276, 277, 278, 283, 286, 289, 290, 291, 296, 297, 298, 304, 307, 308, 309, 314, 317, 318, 319, 320, 321, 327, 328, 329, 335, 340, 341, 342, 350, 351, 352, 359, 362, 364, 365, 385, 386, 387, 391, 394, 395, 396, 399, 402, 409, 410, 412, 413, 415, 427, 428, 429, 439, 448, 453, 459, 460, 461, 462, 463, 469, 470, 472, 473, 474, 476, 486, 487, 488, 494, 499, 501, 502, 517, 518, 519, 531, 534, 537, 538, 539, 540, 541, 542, 543, 544, 545, 546, 547, 548, 549, 550, 551, 554, 557, 558, 559], "excluded_lines": [], "functions": {"init_pool": {"executed_lines": [], "summary": {"covered_lines": 0, "num_statements": 17, "percent_covered": 0.0, "percent_covered_display": "0.0", "missing_lines": 17, "excluded_lines": 0, "percent_statements_covered": 0.0, "percent_statements_covered_display": "0.0"}, "missing_lines": [33, 34, 35, 36, 37, 38, 39, 41, 42, 43, 44, 45, 46, 47, 48, 49, 50], "excluded_lines": [], "start_line": 19}, "get_pooled_conn": {"executed_lines": [], "summary": {"covered_lines": 0, "num_statements": 3, "percent_covered": 0.0, "percent_covered_display": "0.0", "missing_lines": 3, "excluded_lines": 0, "percent_statements_covered": 0.0, "percent_statements_covered_display": "0.0"}, "missing_lines": [58, 59, 60], "excluded_lines": [], "start_line": 53}, "return_conn": {"executed_lines": [], "summary": {"covered_lines": 0, "num_statements": 5, "percent_covered": 0.0, "percent_covered_display": "0.0", "missing_lines": 5, "excluded_lines": 0, "percent_statements_covered": 0.0, "percent_statements_covered_display": "0.0"}, "missing_lines": [65, 66, 67, 68, 69], "excluded_lines": [], "start_line": 63}, "graceful_drain": {"executed_lines": [], "summary": {"covered_lines": 0, "num_statements": 7, "percent_covered": 0.0, "percent_covered_display": "0.0", "missing_lines": 7, "excluded_lines": 0, "percent_statements_covered": 0.0, "percent_statements_covered_display": "0.0"}, "missing_lines": [75, 76, 77, 78, 79, 80, 82], "excluded_lines": [], "start_line": 72}, "get_conn": {"executed_lines": [], "summary": {"covered_lines": 0, "num_statements": 14, "percent_covered": 0.0, "percent_covered_display": "0.0", "missing_lines": 14, "excluded_lines": 0, "percent_statements_covered": 0.0, "percent_statements_covered_display": "0.0"}, "missing_lines": [86, 87, 88, 89, 90, 91, 92, 93, 94, 95, 98, 99, 100, 101], "excluded_lines": [], "start_line": 84}, "init_db": {"executed_lines": [], "summary": {"covered_lines": 0, "num_statements": 3, "percent_covered": 0.0, "percent_covered_display": "0.0", "missing_lines": 3, "excluded_lines": 0, "percent_statements_covered": 0.0, "percent_statements_covered_display": "0.0"}, "missing_lines": [106, 107, 196], "excluded_lines": [], "start_line": 104}, "upsert_job": {"executed_lines": [], "summary": {"covered_lines": 0, "num_statements": 3, "percent_covered": 0.0, "percent_covered_display": "0.0", "missing_lines": 3, "excluded_lines": 0, "percent_statements_covered": 0.0, "percent_statements_covered_display": "0.0"}, "missing_lines": [265, 266, 272], "excluded_lines": [], "start_line": 263}, "get_jobs": {"executed_lines": [], "summary": {"covered_lines": 0, "num_statements": 5, "percent_covered": 0.0, "percent_covered_display": "0.0", "missing_lines": 5, "excluded_lines": 0, "percent_statements_covered": 0.0, "percent_statements_covered_display": "0.0"}, "missing_lines": [276, 277, 278, 283, 286], "excluded_lines": [], "start_line": 275}, "set_job_status": {"executed_lines": [], "summary": {"covered_lines": 0, "num_statements": 2, "percent_covered": 0.0, "percent_covered_display": "0.0", "missing_lines": 2, "excluded_lines": 0, "percent_statements_covered": 0.0, "percent_statements_covered_display": "0.0"}, "missing_lines": [290, 291], "excluded_lines": [], "start_line": 289}, "insert_bid": {"executed_lines": [], "summary": {"covered_lines": 0, "num_statements": 3, "percent_covered": 0.0, "percent_covered_display": "0.0", "missing_lines": 3, "excluded_lines": 0, "percent_statements_covered": 0.0, "percent_statements_covered_display": "0.0"}, "missing_lines": [297, 298, 304], "excluded_lines": [], "start_line": 296}, "get_pending_bids": {"executed_lines": [], "summary": {"covered_lines": 0, "num_statements": 3, "percent_covered": 0.0, "percent_covered_display": "0.0", "missing_lines": 3, "excluded_lines": 0, "percent_statements_covered": 0.0, "percent_statements_covered_display": "0.0"}, "missing_lines": [308, 309, 314], "excluded_lines": [], "start_line": 307}, "approve_bid": {"executed_lines": [], "summary": {"covered_lines": 0, "num_statements": 4, "percent_covered": 0.0, "percent_covered_display": "0.0", "missing_lines": 4, "excluded_lines": 0, "percent_statements_covered": 0.0, "percent_statements_covered_display": "0.0"}, "missing_lines": [318, 319, 320, 321], "excluded_lines": [], "start_line": 317}, "get_all_bids": {"executed_lines": [], "summary": {"covered_lines": 0, "num_statements": 3, "percent_covered": 0.0, "percent_covered_display": "0.0", "missing_lines": 3, "excluded_lines": 0, "percent_statements_covered": 0.0, "percent_statements_covered_display": "0.0"}, "missing_lines": [328, 329, 335], "excluded_lines": [], "start_line": 327}, "record_kpi": {"executed_lines": [], "summary": {"covered_lines": 0, "num_statements": 2, "percent_covered": 0.0, "percent_covered_display": "0.0", "missing_lines": 2, "excluded_lines": 0, "percent_statements_covered": 0.0, "percent_statements_covered_display": "0.0"}, "missing_lines": [341, 342], "excluded_lines": [], "start_line": 340}, "get_totals": {"executed_lines": [], "summary": {"covered_lines": 0, "num_statements": 3, "percent_covered": 0.0, "percent_covered_display": "0.0", "missing_lines": 3, "excluded_lines": 0, "percent_statements_covered": 0.0, "percent_statements_covered_display": "0.0"}, "missing_lines": [351, 352, 359], "excluded_lines": [], "start_line": 350}, "record_autopilot_run": {"executed_lines": [], "summary": {"covered_lines": 0, "num_statements": 2, "percent_covered": 0.0, "percent_covered_display": "0.0", "missing_lines": 2, "excluded_lines": 0, "percent_statements_covered": 0.0, "percent_statements_covered_display": "0.0"}, "missing_lines": [364, 365], "excluded_lines": [], "start_line": 362}, "get_recent_autopilot_runs": {"executed_lines": [], "summary": {"covered_lines": 0, "num_statements": 3, "percent_covered": 0.0, "percent_covered_display": "0.0", "missing_lines": 3, "excluded_lines": 0, "percent_statements_covered": 0.0, "percent_statements_covered_display": "0.0"}, "missing_lines": [386, 387, 391], "excluded_lines": [], "start_line": 385}, "get_last_autopilot_run": {"executed_lines": [], "summary": {"covered_lines": 0, "num_statements": 3, "percent_covered": 0.0, "percent_covered_display": "0.0", "missing_lines": 3, "excluded_lines": 0, "percent_statements_covered": 0.0, "percent_statements_covered_display": "0.0"}, "missing_lines": [395, 396, 399], "excluded_lines": [], "start_line": 394}, "record_kpi_event": {"executed_lines": [], "summary": {"covered_lines": 0, "num_statements": 5, "percent_covered": 0.0, "percent_covered_display": "0.0", "missing_lines": 5, "excluded_lines": 0, "percent_statements_covered": 0.0, "percent_statements_covered_display": "0.0"}, "missing_lines": [409, 410, 412, 413, 415], "excluded_lines": [], "start_line": 402}, "get_stream_kpis": {"executed_lines": [], "summary": {"covered_lines": 0, "num_statements": 16, "percent_covered": 0.0, "percent_covered_display": "0.0", "missing_lines": 16, "excluded_lines": 0, "percent_statements_covered": 0.0, "percent_statements_covered_display": "0.0"}, "missing_lines": [428, 429, 439, 448, 453, 459, 460, 461, 462, 463, 469, 470, 472, 473, 474, 476], "excluded_lines": [], "start_line": 427}, "get_client_bid_count_today": {"executed_lines": [], "summary": {"covered_lines": 0, "num_statements": 3, "percent_covered": 0.0, "percent_covered_display": "0.0", "missing_lines": 3, "excluded_lines": 0, "percent_statements_covered": 0.0, "percent_statements_covered_display": "0.0"}, "missing_lines": [487, 488, 494], "excluded_lines": [], "start_line": 486}, "upsert_deal": {"executed_lines": [], "summary": {"covered_lines": 0, "num_statements": 6, "percent_covered": 0.0, "percent_covered_display": "0.0", "missing_lines": 6, "excluded_lines": 0, "percent_statements_covered": 0.0, "percent_statements_covered_display": "0.0"}, "missing_lines": [501, 502, 517, 518, 519, 531], "excluded_lines": [], "start_line": 499}, "get_deals": {"executed_lines": [], "summary": {"covered_lines": 0, "num_statements": 16, "percent_covered": 0.0, "percent_covered_display": "0.0", "missing_lines": 16, "excluded_lines": 0, "percent_statements_covered": 0.0, "percent_statements_covered_display": "0.0"}, "missing_lines": [537, 538, 539, 540, 541, 542, 543, 544, 545, 546, 547, 548, 549, 550, 551, 554], "excluded_lines": [], "start_line": 534}, "update_deal_status": {"executed_lines": [], "summary": {"covered_lines": 0, "num_statements": 2, "percent_covered": 0.0, "percent_covered_display": "0.0", "missing_lines": 2, "excluded_lines": 0, "percent_statements_covered": 0.0, "percent_statements_covered_display": "0.0"}, "missing_lines": [558, 559], "excluded_lines": [], "start_line": 557}, "": {"executed_lines": [], "summary": {"covered_lines": 0, "num_statements": 31, "percent_covered": 0.0, "percent_covered_display": "0.0", "missing_lines": 31, "excluded_lines": 0, "percent_statements_covered": 0.0, "percent_statements_covered_display": "0.0"}, "missing_lines": [6, 7, 8, 9, 11, 13, 16, 19, 53, 63, 72, 84, 104, 263, 275, 289, 296, 307, 317, 327, 340, 350, 362, 385, 394, 402, 427, 486, 499, 534, 557], "excluded_lines": [], "start_line": 1}}, "classes": {"": {"executed_lines": [], "summary": {"covered_lines": 0, "num_statements": 164, "percent_covered": 0.0, "percent_covered_display": "0.0", "missing_lines": 164, "excluded_lines": 0, "percent_statements_covered": 0.0, "percent_statements_covered_display": "0.0"}, "missing_lines": [6, 7, 8, 9, 11, 13, 16, 19, 33, 34, 35, 36, 37, 38, 39, 41, 42, 43, 44, 45, 46, 47, 48, 49, 50, 53, 58, 59, 60, 63, 65, 66, 67, 68, 69, 72, 75, 76, 77, 78, 79, 80, 82, 84, 86, 87, 88, 89, 90, 91, 92, 93, 94, 95, 98, 99, 100, 101, 104, 106, 107, 196, 263, 265, 266, 272, 275, 276, 277, 278, 283, 286, 289, 290, 291, 296, 297, 298, 304, 307, 308, 309, 314, 317, 318, 319, 320, 321, 327, 328, 329, 335, 340, 341, 342, 350, 351, 352, 359, 362, 364, 365, 385, 386, 387, 391, 394, 395, 396, 399, 402, 409, 410, 412, 413, 415, 427, 428, 429, 439, 448, 453, 459, 460, 461, 462, 463, 469, 470, 472, 473, 474, 476, 486, 487, 488, 494, 499, 501, 502, 517, 518, 519, 531, 534, 537, 538, 539, 540, 541, 542, 543, 544, 545, 546, 547, 548, 549, 550, 551, 554, 557, 558, 559], "excluded_lines": [], "start_line": 1}}}, "arbitrage\\db.py": {"executed_lines": [], "summary": {"covered_lines": 0, "num_statements": 55, "percent_covered": 0.0, "percent_covered_display": "0.0", "missing_lines": 55, "excluded_lines": 0, "percent_statements_covered": 0.0, "percent_statements_covered_display": "0.0"}, "missing_lines": [6, 7, 9, 15, 68, 69, 71, 72, 73, 74, 75, 76, 77, 78, 80, 83, 85, 86, 87, 94, 98, 99, 105, 106, 107, 110, 113, 114, 115, 121, 122, 123, 127, 130, 131, 132, 139, 140, 141, 145, 152, 153, 154, 158, 161, 162, 163, 164, 171, 173, 174, 182, 183, 184, 187], "excluded_lines": [], "functions": {"get_connection": {"executed_lines": [], "summary": {"covered_lines": 0, "num_statements": 9, "percent_covered": 0.0, "percent_covered_display": "0.0", "missing_lines": 9, "excluded_lines": 0, "percent_statements_covered": 0.0, "percent_statements_covered_display": "0.0"}, "missing_lines": [71, 72, 73, 74, 75, 76, 77, 78, 80], "excluded_lines": [], "start_line": 69}, "init_db": {"executed_lines": [], "summary": {"covered_lines": 0, "num_statements": 3, "percent_covered": 0.0, "percent_covered_display": "0.0", "missing_lines": 3, "excluded_lines": 0, "percent_statements_covered": 0.0, "percent_statements_covered_display": "0.0"}, "missing_lines": [85, 86, 87], "excluded_lines": [], "start_line": 83}, "upsert_project": {"executed_lines": [], "summary": {"covered_lines": 0, "num_statements": 6, "percent_covered": 0.0, "percent_covered_display": "0.0", "missing_lines": 6, "excluded_lines": 0, "percent_statements_covered": 0.0, "percent_statements_covered_display": "0.0"}, "missing_lines": [98, 99, 105, 106, 107, 110], "excluded_lines": [], "start_line": 94}, "update_project_score": {"executed_lines": [], "summary": {"covered_lines": 0, "num_statements": 2, "percent_covered": 0.0, "percent_covered_display": "0.0", "missing_lines": 2, "excluded_lines": 0, "percent_statements_covered": 0.0, "percent_statements_covered_display": "0.0"}, "missing_lines": [114, 115], "excluded_lines": [], "start_line": 113}, "get_projects_by_status": {"executed_lines": [], "summary": {"covered_lines": 0, "num_statements": 3, "percent_covered": 0.0, "percent_covered_display": "0.0", "missing_lines": 3, "excluded_lines": 0, "percent_statements_covered": 0.0, "percent_statements_covered_display": "0.0"}, "missing_lines": [122, 123, 127], "excluded_lines": [], "start_line": 121}, "mark_project_bid": {"executed_lines": [], "summary": {"covered_lines": 0, "num_statements": 2, "percent_covered": 0.0, "percent_covered_display": "0.0", "missing_lines": 2, "excluded_lines": 0, "percent_statements_covered": 0.0, "percent_statements_covered_display": "0.0"}, "missing_lines": [131, 132], "excluded_lines": [], "start_line": 130}, "save_bid": {"executed_lines": [], "summary": {"covered_lines": 0, "num_statements": 3, "percent_covered": 0.0, "percent_covered_display": "0.0", "missing_lines": 3, "excluded_lines": 0, "percent_statements_covered": 0.0, "percent_statements_covered_display": "0.0"}, "missing_lines": [140, 141, 145], "excluded_lines": [], "start_line": 139}, "record_earning": {"executed_lines": [], "summary": {"covered_lines": 0, "num_statements": 3, "percent_covered": 0.0, "percent_covered_display": "0.0", "missing_lines": 3, "excluded_lines": 0, "percent_statements_covered": 0.0, "percent_statements_covered_display": "0.0"}, "missing_lines": [153, 154, 158], "excluded_lines": [], "start_line": 152}, "total_earned_usd": {"executed_lines": [], "summary": {"covered_lines": 0, "num_statements": 3, "percent_covered": 0.0, "percent_covered_display": "0.0", "missing_lines": 3, "excluded_lines": 0, "percent_statements_covered": 0.0, "percent_statements_covered_display": "0.0"}, "missing_lines": [162, 163, 164], "excluded_lines": [], "start_line": 161}, "save_xrp_snapshot": {"executed_lines": [], "summary": {"covered_lines": 0, "num_statements": 2, "percent_covered": 0.0, "percent_covered_display": "0.0", "missing_lines": 2, "excluded_lines": 0, "percent_statements_covered": 0.0, "percent_statements_covered_display": "0.0"}, "missing_lines": [173, 174], "excluded_lines": [], "start_line": 171}, "latest_xrp_snapshot": {"executed_lines": [], "summary": {"covered_lines": 0, "num_statements": 3, "percent_covered": 0.0, "percent_covered_display": "0.0", "missing_lines": 3, "excluded_lines": 0, "percent_statements_covered": 0.0, "percent_statements_covered_display": "0.0"}, "missing_lines": [183, 184, 187], "excluded_lines": [], "start_line": 182}, "": {"executed_lines": [], "summary": {"covered_lines": 0, "num_statements": 16, "percent_covered": 0.0, "percent_covered_display": "0.0", "missing_lines": 16, "excluded_lines": 0, "percent_statements_covered": 0.0, "percent_statements_covered_display": "0.0"}, "missing_lines": [6, 7, 9, 15, 68, 69, 83, 94, 113, 121, 130, 139, 152, 161, 171, 182], "excluded_lines": [], "start_line": 1}}, "classes": {"": {"executed_lines": [], "summary": {"covered_lines": 0, "num_statements": 55, "percent_covered": 0.0, "percent_covered_display": "0.0", "missing_lines": 55, "excluded_lines": 0, "percent_statements_covered": 0.0, "percent_statements_covered_display": "0.0"}, "missing_lines": [6, 7, 9, 15, 68, 69, 71, 72, 73, 74, 75, 76, 77, 78, 80, 83, 85, 86, 87, 94, 98, 99, 105, 106, 107, 110, 113, 114, 115, 121, 122, 123, 127, 130, 131, 132, 139, 140, 141, 145, 152, 153, 154, 158, 161, 162, 163, 164, 171, 173, 174, 182, 183, 184, 187], "excluded_lines": [], "start_line": 1}}}, "arbitrage\\executor.py": {"executed_lines": [], "summary": {"covered_lines": 0, "num_statements": 26, "percent_covered": 0.0, "percent_covered_display": "0.0", "missing_lines": 26, "excluded_lines": 0, "percent_statements_covered": 0.0, "percent_statements_covered_display": "0.0"}, "missing_lines": [6, 14, 24, 26, 28, 29, 31, 38, 39, 40, 41, 42, 51, 53, 54, 55, 56, 65, 67, 68, 69, 70, 76, 78, 79, 82], "excluded_lines": [], "functions": {"generate_content": {"executed_lines": [], "summary": {"covered_lines": 0, "num_statements": 23, "percent_covered": 0.0, "percent_covered_display": "0.0", "missing_lines": 23, "excluded_lines": 0, "percent_statements_covered": 0.0, "percent_statements_covered_display": "0.0"}, "missing_lines": [26, 28, 29, 31, 38, 39, 40, 41, 42, 51, 53, 54, 55, 56, 65, 67, 68, 69, 70, 76, 78, 79, 82], "excluded_lines": [], "start_line": 24}, "": {"executed_lines": [], "summary": {"covered_lines": 0, "num_statements": 3, "percent_covered": 0.0, "percent_covered_display": "0.0", "missing_lines": 3, "excluded_lines": 0, "percent_statements_covered": 0.0, "percent_statements_covered_display": "0.0"}, "missing_lines": [6, 14, 24], "excluded_lines": [], "start_line": 1}}, "classes": {"": {"executed_lines": [], "summary": {"covered_lines": 0, "num_statements": 26, "percent_covered": 0.0, "percent_covered_display": "0.0", "missing_lines": 26, "excluded_lines": 0, "percent_statements_covered": 0.0, "percent_statements_covered_display": "0.0"}, "missing_lines": [6, 14, 24, 26, 28, 29, 31, 38, 39, 40, 41, 42, 51, 53, 54, 55, 56, 65, 67, 68, 69, 70, 76, 78, 79, 82], "excluded_lines": [], "start_line": 1}}}, "arbitrage\\guardian.py": {"executed_lines": [], "summary": {"covered_lines": 0, "num_statements": 124, "percent_covered": 0.0, "percent_covered_display": "0.0", "missing_lines": 124, "excluded_lines": 0, "percent_statements_covered": 0.0, "percent_statements_covered_display": "0.0"}, "missing_lines": [22, 24, 25, 26, 28, 38, 40, 42, 49, 50, 51, 52, 53, 54, 57, 58, 59, 60, 61, 62, 63, 65, 66, 87, 97, 112, 119, 121, 122, 123, 124, 125, 126, 131, 138, 140, 141, 142, 144, 145, 150, 151, 156, 163, 165, 166, 168, 169, 171, 172, 177, 178, 179, 180, 187, 189, 190, 191, 192, 194, 195, 200, 201, 206, 207, 212, 219, 221, 222, 223, 224, 229, 230, 237, 239, 240, 241, 243, 244, 250, 251, 256, 263, 265, 266, 267, 269, 270, 272, 273, 278, 285, 287, 288, 290, 291, 296, 297, 298, 303, 310, 312, 313, 315, 316, 321, 322, 323, 334, 346, 358, 359, 362, 363, 364, 365, 366, 369, 370, 371, 372, 373, 375, 376], "excluded_lines": [], "functions": {"GuardianEval.to_dict": {"executed_lines": [], "summary": {"covered_lines": 0, "num_statements": 1, "percent_covered": 0.0, "percent_covered_display": "0.0", "missing_lines": 1, "excluded_lines": 0, "percent_statements_covered": 0.0, "percent_statements_covered_display": "0.0"}, "missing_lines": [66], "excluded_lines": [], "start_line": 65}, "build_context": {"executed_lines": [], "summary": {"covered_lines": 0, "num_statements": 1, "percent_covered": 0.0, "percent_covered_display": "0.0", "missing_lines": 1, "excluded_lines": 0, "percent_statements_covered": 0.0, "percent_statements_covered_display": "0.0"}, "missing_lines": [97], "excluded_lines": [], "start_line": 87}, "_law_unity": {"executed_lines": [], "summary": {"covered_lines": 0, "num_statements": 7, "percent_covered": 0.0, "percent_covered_display": "0.0", "missing_lines": 7, "excluded_lines": 0, "percent_statements_covered": 0.0, "percent_statements_covered_display": "0.0"}, "missing_lines": [121, 122, 123, 124, 125, 126, 131], "excluded_lines": [], "start_line": 119}, "_law_truth": {"executed_lines": [], "summary": {"covered_lines": 0, "num_statements": 8, "percent_covered": 0.0, "percent_covered_display": "0.0", "missing_lines": 8, "excluded_lines": 0, "percent_statements_covered": 0.0, "percent_statements_covered_display": "0.0"}, "missing_lines": [140, 141, 142, 144, 145, 150, 151, 156], "excluded_lines": [], "start_line": 138}, "_law_rhythm": {"executed_lines": [], "summary": {"covered_lines": 0, "num_statements": 10, "percent_covered": 0.0, "percent_covered_display": "0.0", "missing_lines": 10, "excluded_lines": 0, "percent_statements_covered": 0.0, "percent_statements_covered_display": "0.0"}, "missing_lines": [165, 166, 168, 169, 171, 172, 177, 178, 179, 180], "excluded_lines": [], "start_line": 163}, "_law_causality": {"executed_lines": [], "summary": {"covered_lines": 0, "num_statements": 11, "percent_covered": 0.0, "percent_covered_display": "0.0", "missing_lines": 11, "excluded_lines": 0, "percent_statements_covered": 0.0, "percent_statements_covered_display": "0.0"}, "missing_lines": [189, 190, 191, 192, 194, 195, 200, 201, 206, 207, 212], "excluded_lines": [], "start_line": 187}, "_law_transparency": {"executed_lines": [], "summary": {"covered_lines": 0, "num_statements": 6, "percent_covered": 0.0, "percent_covered_display": "0.0", "missing_lines": 6, "excluded_lines": 0, "percent_statements_covered": 0.0, "percent_statements_covered_display": "0.0"}, "missing_lines": [221, 222, 223, 224, 229, 230], "excluded_lines": [], "start_line": 219}, "_law_nonmaleficence": {"executed_lines": [], "summary": {"covered_lines": 0, "num_statements": 8, "percent_covered": 0.0, "percent_covered_display": "0.0", "missing_lines": 8, "excluded_lines": 0, "percent_statements_covered": 0.0, "percent_statements_covered_display": "0.0"}, "missing_lines": [239, 240, 241, 243, 244, 250, 251, 256], "excluded_lines": [], "start_line": 237}, "_law_autonomy": {"executed_lines": [], "summary": {"covered_lines": 0, "num_statements": 8, "percent_covered": 0.0, "percent_covered_display": "0.0", "missing_lines": 8, "excluded_lines": 0, "percent_statements_covered": 0.0, "percent_statements_covered_display": "0.0"}, "missing_lines": [265, 266, 267, 269, 270, 272, 273, 278], "excluded_lines": [], "start_line": 263}, "_law_justice": {"executed_lines": [], "summary": {"covered_lines": 0, "num_statements": 8, "percent_covered": 0.0, "percent_covered_display": "0.0", "missing_lines": 8, "excluded_lines": 0, "percent_statements_covered": 0.0, "percent_statements_covered_display": "0.0"}, "missing_lines": [287, 288, 290, 291, 296, 297, 298, 303], "excluded_lines": [], "start_line": 285}, "_law_sustainability": {"executed_lines": [], "summary": {"covered_lines": 0, "num_statements": 7, "percent_covered": 0.0, "percent_covered_display": "0.0", "missing_lines": 7, "excluded_lines": 0, "percent_statements_covered": 0.0, "percent_statements_covered_display": "0.0"}, "missing_lines": [312, 313, 315, 316, 321, 322, 323], "excluded_lines": [], "start_line": 310}, "evaluate_guardians": {"executed_lines": [], "summary": {"covered_lines": 0, "num_statements": 15, "percent_covered": 0.0, "percent_covered_display": "0.0", "missing_lines": 15, "excluded_lines": 0, "percent_statements_covered": 0.0, "percent_statements_covered_display": "0.0"}, "missing_lines": [346, 358, 359, 362, 363, 364, 365, 366, 369, 370, 371, 372, 373, 375, 376], "excluded_lines": [], "start_line": 334}, "": {"executed_lines": [], "summary": {"covered_lines": 0, "num_statements": 34, "percent_covered": 0.0, "percent_covered_display": "0.0", "missing_lines": 34, "excluded_lines": 0, "percent_statements_covered": 0.0, "percent_statements_covered_display": "0.0"}, "missing_lines": [22, 24, 25, 26, 28, 38, 40, 42, 49, 50, 51, 52, 53, 54, 57, 58, 59, 60, 61, 62, 63, 65, 87, 112, 119, 138, 163, 187, 219, 237, 263, 285, 310, 334], "excluded_lines": [], "start_line": 1}}, "classes": {"LawResult": {"executed_lines": [], "summary": {"covered_lines": 0, "num_statements": 0, "percent_covered": 100.0, "percent_covered_display": "100.0", "missing_lines": 0, "excluded_lines": 0, "percent_statements_covered": 100.0, "percent_statements_covered_display": "100.0"}, "missing_lines": [], "excluded_lines": [], "start_line": 50}, "GuardianEval": {"executed_lines": [], "summary": {"covered_lines": 0, "num_statements": 1, "percent_covered": 0.0, "percent_covered_display": "0.0", "missing_lines": 1, "excluded_lines": 0, "percent_statements_covered": 0.0, "percent_statements_covered_display": "0.0"}, "missing_lines": [66], "excluded_lines": [], "start_line": 58}, "": {"executed_lines": [], "summary": {"covered_lines": 0, "num_statements": 123, "percent_covered": 0.0, "percent_covered_display": "0.0", "missing_lines": 123, "excluded_lines": 0, "percent_statements_covered": 0.0, "percent_statements_covered_display": "0.0"}, "missing_lines": [22, 24, 25, 26, 28, 38, 40, 42, 49, 50, 51, 52, 53, 54, 57, 58, 59, 60, 61, 62, 63, 65, 87, 97, 112, 119, 121, 122, 123, 124, 125, 126, 131, 138, 140, 141, 142, 144, 145, 150, 151, 156, 163, 165, 166, 168, 169, 171, 172, 177, 178, 179, 180, 187, 189, 190, 191, 192, 194, 195, 200, 201, 206, 207, 212, 219, 221, 222, 223, 224, 229, 230, 237, 239, 240, 241, 243, 244, 250, 251, 256, 263, 265, 266, 267, 269, 270, 272, 273, 278, 285, 287, 288, 290, 291, 296, 297, 298, 303, 310, 312, 313, 315, 316, 321, 322, 323, 334, 346, 358, 359, 362, 363, 364, 365, 366, 369, 370, 371, 372, 373, 375, 376], "excluded_lines": [], "start_line": 1}}}, "arbitrage\\llm.py": {"executed_lines": [], "summary": {"covered_lines": 0, "num_statements": 208, "percent_covered": 0.0, "percent_covered_display": "0.0", "missing_lines": 208, "excluded_lines": 0, "percent_statements_covered": 0.0, "percent_statements_covered_display": "0.0"}, "missing_lines": [6, 7, 8, 9, 10, 11, 12, 13, 15, 17, 19, 20, 22, 23, 24, 25, 26, 27, 28, 29, 33, 37, 38, 40, 52, 54, 55, 56, 57, 58, 59, 60, 63, 65, 66, 67, 70, 72, 73, 74, 75, 77, 78, 79, 80, 83, 85, 88, 90, 93, 95, 98, 100, 101, 102, 103, 104, 105, 106, 107, 108, 111, 113, 114, 115, 118, 120, 121, 122, 123, 124, 125, 126, 127, 135, 137, 143, 144, 147, 150, 151, 152, 153, 155, 162, 163, 166, 168, 169, 170, 171, 172, 173, 175, 176, 177, 178, 181, 183, 184, 185, 186, 187, 188, 191, 193, 194, 196, 197, 199, 200, 201, 202, 203, 204, 205, 206, 207, 208, 209, 210, 211, 212, 214, 215, 216, 218, 219, 222, 223, 224, 226, 228, 235, 237, 238, 239, 240, 241, 242, 243, 246, 249, 250, 251, 253, 254, 255, 256, 258, 268, 269, 272, 274, 275, 276, 278, 279, 280, 281, 282, 283, 284, 286, 292, 297, 298, 305, 318, 319, 320, 321, 322, 324, 325, 327, 328, 329, 330, 331, 333, 334, 335, 337, 338, 339, 340, 341, 342, 343, 344, 345, 346, 347, 349, 350, 351, 352, 353, 354, 356, 357, 372, 374, 375, 376, 377, 378], "excluded_lines": [], "functions": {"_post_json": {"executed_lines": [], "summary": {"covered_lines": 0, "num_statements": 7, "percent_covered": 0.0, "percent_covered_display": "0.0", "missing_lines": 7, "excluded_lines": 0, "percent_statements_covered": 0.0, "percent_statements_covered_display": "0.0"}, "missing_lines": [54, 55, 56, 57, 58, 59, 60], "excluded_lines": [], "start_line": 52}, "_sanitize_text": {"executed_lines": [], "summary": {"covered_lines": 0, "num_statements": 3, "percent_covered": 0.0, "percent_covered_display": "0.0", "missing_lines": 3, "excluded_lines": 0, "percent_statements_covered": 0.0, "percent_statements_covered_display": "0.0"}, "missing_lines": [65, 66, 67], "excluded_lines": [], "start_line": 63}, "_validate_prompt": {"executed_lines": [], "summary": {"covered_lines": 0, "num_statements": 8, "percent_covered": 0.0, "percent_covered_display": "0.0", "missing_lines": 8, "excluded_lines": 0, "percent_statements_covered": 0.0, "percent_statements_covered_display": "0.0"}, "missing_lines": [72, 73, 74, 75, 77, 78, 79, 80], "excluded_lines": [], "start_line": 70}, "_safe_temperature": {"executed_lines": [], "summary": {"covered_lines": 0, "num_statements": 1, "percent_covered": 0.0, "percent_covered_display": "0.0", "missing_lines": 1, "excluded_lines": 0, "percent_statements_covered": 0.0, "percent_statements_covered_display": "0.0"}, "missing_lines": [85], "excluded_lines": [], "start_line": 83}, "_safe_top_p": {"executed_lines": [], "summary": {"covered_lines": 0, "num_statements": 1, "percent_covered": 0.0, "percent_covered_display": "0.0", "missing_lines": 1, "excluded_lines": 0, "percent_statements_covered": 0.0, "percent_statements_covered_display": "0.0"}, "missing_lines": [90], "excluded_lines": [], "start_line": 88}, "_safe_canary_percent": {"executed_lines": [], "summary": {"covered_lines": 0, "num_statements": 1, "percent_covered": 0.0, "percent_covered_display": "0.0", "missing_lines": 1, "excluded_lines": 0, "percent_statements_covered": 0.0, "percent_statements_covered_display": "0.0"}, "missing_lines": [95], "excluded_lines": [], "start_line": 93}, "_read_rollout_state": {"executed_lines": [], "summary": {"covered_lines": 0, "num_statements": 9, "percent_covered": 0.0, "percent_covered_display": "0.0", "missing_lines": 9, "excluded_lines": 0, "percent_statements_covered": 0.0, "percent_statements_covered_display": "0.0"}, "missing_lines": [100, 101, 102, 103, 104, 105, 106, 107, 108], "excluded_lines": [], "start_line": 98}, "_write_rollout_state": {"executed_lines": [], "summary": {"covered_lines": 0, "num_statements": 3, "percent_covered": 0.0, "percent_covered_display": "0.0", "missing_lines": 3, "excluded_lines": 0, "percent_statements_covered": 0.0, "percent_statements_covered_display": "0.0"}, "missing_lines": [113, 114, 115], "excluded_lines": [], "start_line": 111}, "get_effective_canary_settings": {"executed_lines": [], "summary": {"covered_lines": 0, "num_statements": 8, "percent_covered": 0.0, "percent_covered_display": "0.0", "missing_lines": 8, "excluded_lines": 0, "percent_statements_covered": 0.0, "percent_statements_covered_display": "0.0"}, "missing_lines": [120, 121, 122, 123, 124, 125, 126, 127], "excluded_lines": [], "start_line": 118}, "force_canary_rollback": {"executed_lines": [], "summary": {"covered_lines": 0, "num_statements": 3, "percent_covered": 0.0, "percent_covered_display": "0.0", "missing_lines": 3, "excluded_lines": 0, "percent_statements_covered": 0.0, "percent_statements_covered_display": "0.0"}, "missing_lines": [137, 143, 144], "excluded_lines": [], "start_line": 135}, "set_canary_rollout": {"executed_lines": [], "summary": {"covered_lines": 0, "num_statements": 7, "percent_covered": 0.0, "percent_covered_display": "0.0", "missing_lines": 7, "excluded_lines": 0, "percent_statements_covered": 0.0, "percent_statements_covered_display": "0.0"}, "missing_lines": [150, 151, 152, 153, 155, 162, 163], "excluded_lines": [], "start_line": 147}, "_is_canary_candidate": {"executed_lines": [], "summary": {"covered_lines": 0, "num_statements": 10, "percent_covered": 0.0, "percent_covered_display": "0.0", "missing_lines": 10, "excluded_lines": 0, "percent_statements_covered": 0.0, "percent_statements_covered_display": "0.0"}, "missing_lines": [168, 169, 170, 171, 172, 173, 175, 176, 177, 178], "excluded_lines": [], "start_line": 166}, "_log_kpi_event": {"executed_lines": [], "summary": {"covered_lines": 0, "num_statements": 6, "percent_covered": 0.0, "percent_covered_display": "0.0", "missing_lines": 6, "excluded_lines": 0, "percent_statements_covered": 0.0, "percent_statements_covered_display": "0.0"}, "missing_lines": [183, 184, 185, 186, 187, 188], "excluded_lines": [], "start_line": 181}, "get_kpi_snapshot": {"executed_lines": [], "summary": {"covered_lines": 0, "num_statements": 28, "percent_covered": 0.0, "percent_covered_display": "0.0", "missing_lines": 28, "excluded_lines": 0, "percent_statements_covered": 0.0, "percent_statements_covered_display": "0.0"}, "missing_lines": [193, 194, 196, 197, 199, 200, 201, 202, 203, 204, 205, 206, 207, 208, 209, 210, 211, 212, 214, 215, 216, 218, 219, 222, 223, 224, 226, 228], "excluded_lines": [], "start_line": 191}, "kpi_gate_passed": {"executed_lines": [], "summary": {"covered_lines": 0, "num_statements": 7, "percent_covered": 0.0, "percent_covered_display": "0.0", "missing_lines": 7, "excluded_lines": 0, "percent_statements_covered": 0.0, "percent_statements_covered_display": "0.0"}, "missing_lines": [237, 238, 239, 240, 241, 242, 243], "excluded_lines": [], "start_line": 235}, "_ollama_chat": {"executed_lines": [], "summary": {"covered_lines": 0, "num_statements": 10, "percent_covered": 0.0, "percent_covered_display": "0.0", "missing_lines": 10, "excluded_lines": 0, "percent_statements_covered": 0.0, "percent_statements_covered_display": "0.0"}, "missing_lines": [249, 250, 251, 253, 254, 255, 256, 258, 268, 269], "excluded_lines": [], "start_line": 246}, "_openrouter_chat": {"executed_lines": [], "summary": {"covered_lines": 0, "num_statements": 14, "percent_covered": 0.0, "percent_covered_display": "0.0", "missing_lines": 14, "excluded_lines": 0, "percent_statements_covered": 0.0, "percent_statements_covered_display": "0.0"}, "missing_lines": [274, 275, 276, 278, 279, 280, 281, 282, 283, 284, 286, 292, 297, 298], "excluded_lines": [], "start_line": 272}, "chat": {"executed_lines": [], "summary": {"covered_lines": 0, "num_statements": 34, "percent_covered": 0.0, "percent_covered_display": "0.0", "missing_lines": 34, "excluded_lines": 0, "percent_statements_covered": 0.0, "percent_statements_covered_display": "0.0"}, "missing_lines": [318, 319, 320, 321, 322, 324, 3
[...]
ted_lines": [], "summary": {"covered_lines": 0, "num_statements": 65, "percent_covered": 0.0, "percent_covered_display": "0.0", "missing_lines": 65, "excluded_lines": 0, "percent_statements_covered": 0.0, "percent_statements_covered_display": "0.0"}, "missing_lines": [49, 50, 51, 55, 56, 57, 58, 59, 60, 64, 65, 72, 78, 79, 81, 82, 83, 84, 93, 94, 97, 102, 111, 113, 115, 117, 118, 120, 121, 124, 128, 136, 138, 139, 141, 142, 143, 144, 145, 146, 147, 148, 149, 151, 155, 157, 158, 159, 160, 161, 162, 163, 164, 165, 166, 167, 168, 169, 170, 171, 172, 174, 178, 185, 186], "excluded_lines": [], "start_line": 45}, "": {"executed_lines": [], "summary": {"covered_lines": 0, "num_statements": 24, "percent_covered": 0.0, "percent_covered_display": "0.0", "missing_lines": 24, "excluded_lines": 0, "percent_statements_covered": 0.0, "percent_statements_covered_display": "0.0"}, "missing_lines": [7, 8, 9, 10, 12, 14, 15, 17, 18, 20, 32, 45, 48, 53, 62, 86, 126, 153, 176, 190, 192, 194, 195, 196], "excluded_lines": [], "start_line": 1}}}, "uap\\backend\\session_manager.py": {"executed_lines": [], "summary": {"covered_lines": 0, "num_statements": 91, "percent_covered": 0.0, "percent_covered_display": "0.0", "missing_lines": 91, "excluded_lines": 0, "percent_statements_covered": 0.0, "percent_statements_covered_display": "0.0"}, "missing_lines": [10, 11, 12, 13, 14, 16, 19, 22, 29, 30, 32, 34, 35, 37, 53, 70, 85, 91, 102, 103, 105, 106, 107, 112, 113, 115, 117, 118, 119, 123, 124, 125, 127, 137, 144, 145, 146, 155, 156, 169, 171, 172, 173, 177, 178, 180, 182, 183, 184, 193, 214, 215, 216, 222, 224, 225, 227, 229, 230, 231, 238, 239, 254, 272, 273, 274, 284, 285, 287, 294, 295, 296, 302, 303, 314, 316, 317, 318, 323, 329, 336, 338, 339, 341, 347, 349, 350, 352, 357, 358, 360], "excluded_lines": [], "functions": {"SessionManager.__init__": {"executed_lines": [], "summary": {"covered_lines": 0, "num_statements": 2, "percent_covered": 0.0, "percent_covered_display": "0.0", "missing_lines": 2, "excluded_lines": 0, "percent_statements_covered": 0.0, "percent_statements_covered_display": "0.0"}, "missing_lines": [29, 30], "excluded_lines": [], "start_line": 22}, "SessionManager._init_schema": {"executed_lines": [], "summary": {"covered_lines": 0, "num_statements": 6, "percent_covered": 0.0, "percent_covered_display": "0.0", "missing_lines": 6, "excluded_lines": 0, "percent_statements_covered": 0.0, "percent_statements_covered_display": "0.0"}, "missing_lines": [34, 35, 37, 53, 70, 85], "excluded_lines": [], "start_line": 32}, "SessionManager.create_session": {"executed_lines": [], "summary": {"covered_lines": 0, "num_statements": 7, "percent_covered": 0.0, "percent_covered_display": "0.0", "missing_lines": 7, "excluded_lines": 0, "percent_statements_covered": 0.0, "percent_statements_covered_display": "0.0"}, "missing_lines": [102, 103, 105, 106, 107, 112, 113], "excluded_lines": [], "start_line": 91}, "SessionManager.get_session": {"executed_lines": [], "summary": {"covered_lines": 0, "num_statements": 7, "percent_covered": 0.0, "percent_covered_display": "0.0", "missing_lines": 7, "excluded_lines": 0, "percent_statements_covered": 0.0, "percent_statements_covered_display": "0.0"}, "missing_lines": [117, 118, 119, 123, 124, 125, 127], "excluded_lines": [], "start_line": 115}, "SessionManager.list_previous_sessions": {"executed_lines": [], "summary": {"covered_lines": 0, "num_statements": 5, "percent_covered": 0.0, "percent_covered_display": "0.0", "missing_lines": 5, "excluded_lines": 0, "percent_statements_covered": 0.0, "percent_statements_covered_display": "0.0"}, "missing_lines": [144, 145, 146, 155, 156], "excluded_lines": [], "start_line": 137}, "SessionManager.close_session": {"executed_lines": [], "summary": {"covered_lines": 0, "num_statements": 5, "percent_covered": 0.0, "percent_covered_display": "0.0", "missing_lines": 5, "excluded_lines": 0, "percent_statements_covered": 0.0, "percent_statements_covered_display": "0.0"}, "missing_lines": [171, 172, 173, 177, 178], "excluded_lines": [], "start_line": 169}, "SessionManager.update_last_seen": {"executed_lines": [], "summary": {"covered_lines": 0, "num_statements": 3, "percent_covered": 0.0, "percent_covered_display": "0.0", "missing_lines": 3, "excluded_lines": 0, "percent_statements_covered": 0.0, "percent_statements_covered_display": "0.0"}, "missing_lines": [182, 183, 184], "excluded_lines": [], "start_line": 180}, "SessionManager.save_chat_message": {"executed_lines": [], "summary": {"covered_lines": 0, "num_statements": 6, "percent_covered": 0.0, "percent_covered_display": "0.0", "missing_lines": 6, "excluded_lines": 0, "percent_statements_covered": 0.0, "percent_statements_covered_display": "0.0"}, "missing_lines": [214, 215, 216, 222, 224, 225], "excluded_lines": [], "start_line": 193}, "SessionManager.get_chat_history": {"executed_lines": [], "summary": {"covered_lines": 0, "num_statements": 5, "percent_covered": 0.0, "percent_covered_display": "0.0", "missing_lines": 5, "excluded_lines": 0, "percent_statements_covered": 0.0, "percent_statements_covered_display": "0.0"}, "missing_lines": [229, 230, 231, 238, 239], "excluded_lines": [], "start_line": 227}, "SessionManager.save_task_to_session": {"executed_lines": [], "summary": {"covered_lines": 0, "num_statements": 5, "percent_covered": 0.0, "percent_covered_display": "0.0", "missing_lines": 5, "excluded_lines": 0, "percent_statements_covered": 0.0, "percent_statements_covered_display": "0.0"}, "missing_lines": [272, 273, 274, 284, 285], "excluded_lines": [], "start_line": 254}, "SessionManager.get_resumed_tasks": {"executed_lines": [], "summary": {"covered_lines": 0, "num_statements": 5, "percent_covered": 0.0, "percent_covered_display": "0.0", "missing_lines": 5, "excluded_lines": 0, "percent_statements_covered": 0.0, "percent_statements_covered_display": "0.0"}, "missing_lines": [294, 295, 296, 302, 303], "excluded_lines": [], "start_line": 287}, "SessionManager.mark_task_resumed": {"executed_lines": [], "summary": {"covered_lines": 0, "num_statements": 4, "percent_covered": 0.0, "percent_covered_display": "0.0", "missing_lines": 4, "excluded_lines": 0, "percent_statements_covered": 0.0, "percent_statements_covered_display": "0.0"}, "missing_lines": [316, 317, 318, 323], "excluded_lines": [], "start_line": 314}, "SessionManager.recover_previous_session": {"executed_lines": [], "summary": {"covered_lines": 0, "num_statements": 11, "percent_covered": 0.0, "percent_covered_display": "0.0", "missing_lines": 11, "excluded_lines": 0, "percent_statements_covered": 0.0, "percent_statements_covered_display": "0.0"}, "missing_lines": [336, 338, 339, 341, 347, 349, 350, 352, 357, 358, 360], "excluded_lines": [], "start_line": 329}, "": {"executed_lines": [], "summary": {"covered_lines": 0, "num_statements": 20, "percent_covered": 0.0, "percent_covered_display": "0.0", "missing_lines": 20, "excluded_lines": 0, "percent_statements_covered": 0.0, "percent_statements_covered_display": "0.0"}, "missing_lines": [10, 11, 12, 13, 14, 16, 19, 22, 32, 91, 115, 137, 169, 180, 193, 227, 254, 287, 314, 329], "excluded_lines": [], "start_line": 1}}, "classes": {"SessionManager": {"executed_lines": [], "summary": {"covered_lines": 0, "num_statements": 71, "percent_covered": 0.0, "percent_covered_display": "0.0", "missing_lines": 71, "excluded_lines": 0, "percent_statements_covered": 0.0, "percent_statements_covered_display": "0.0"}, "missing_lines": [29, 30, 34, 35, 37, 53, 70, 85, 102, 103, 105, 106, 107, 112, 113, 117, 118, 119, 123, 124, 125, 127, 144, 145, 146, 155, 156, 171, 172, 173, 177, 178, 182, 183, 184, 214, 215, 216, 222, 224, 225, 229, 230, 231, 238, 239, 272, 273, 274, 284, 285, 294, 295, 296, 302, 303, 316, 317, 318, 323, 336, 338, 339, 341, 347, 349, 350, 352, 357, 358, 360], "excluded_lines": [], "start_line": 19}, "": {"executed_lines": [], "summary": {"covered_lines": 0, "num_statements": 20, "percent_covered": 0.0, "percent_covered_display": "0.0", "missing_lines": 20, "excluded_lines": 0, "percent_statements_covered": 0.0, "percent_statements_covered_display": "0.0"}, "missing_lines": [10, 11, 12, 13, 14, 16, 19, 22, 32, 91, 115, 137, 169, 180, 193, 227, 254, 287, 314, 329], "excluded_lines": [], "start_line": 1}}}, "uap\\backend\\websocket_server.py": {"executed_lines": [], "summary": {"covered_lines": 0, "num_statements": 109, "percent_covered": 0.0, "percent_covered_display": "0.0", "missing_lines": 109, "excluded_lines": 7, "percent_statements_covered": 0.0, "percent_statements_covered_display": "0.0"}, "missing_lines": [8, 9, 10, 11, 12, 13, 14, 15, 17, 18, 21, 23, 25, 26, 29, 32, 44, 51, 54, 55, 56, 58, 60, 61, 63, 65, 66, 68, 70, 72, 73, 74, 75, 76, 78, 80, 82, 83, 84, 86, 88, 89, 94, 96, 98, 99, 101, 103, 104, 106, 107, 109, 111, 119, 122, 123, 124, 125, 126, 128, 133, 141, 143, 151, 158, 160, 161, 162, 163, 165, 166, 167, 168, 169, 170, 172, 173, 175, 177, 179, 180, 182, 183, 184, 186, 187, 188, 189, 190, 191, 193, 194, 196, 198, 201, 202, 205, 206, 207, 208, 210, 212, 215, 216, 218, 219, 220, 221, 222], "excluded_lines": [225, 226, 227, 228, 229, 230, 232], "functions": {"TelemetryServer.__init__": {"executed_lines": [], "summary": {"covered_lines": 0, "num_statements": 2, "percent_covered": 0.0, "percent_covered_display": "0.0", "missing_lines": 2, "excluded_lines": 0, "percent_statements_covered": 0.0, "percent_statements_covered_display": "0.0"}, "missing_lines": [55, 56], "excluded_lines": [], "start_line": 54}, "TelemetryServer.register": {"executed_lines": [], "summary": {"covered_lines": 0, "num_statements": 2, "percent_covered": 0.0, "percent_covered_display": "0.0", "missing_lines": 2, "excluded_lines": 0, "percent_statements_covered": 0.0, "percent_statements_covered_display": "0.0"}, "missing_lines": [60, 61], "excluded_lines": [], "start_line": 58}, "TelemetryServer.unregister": {"executed_lines": [], "summary": {"covered_lines": 0, "num_statements": 2, "percent_covered": 0.0, "percent_covered_display": "0.0", "missing_lines": 2, "excluded_lines": 0, "percent_statements_covered": 0.0, "percent_statements_covered_display": "0.0"}, "missing_lines": [65, 66], "excluded_lines": [], "start_line": 63}, "TelemetryServer.handle_client": {"executed_lines": [], "summary": {"covered_lines": 0, "num_statements": 7, "percent_covered": 0.0, "percent_covered_display": "0.0", "missing_lines": 7, "excluded_lines": 0, "percent_statements_covered": 0.0, "percent_statements_covered_display": "0.0"}, "missing_lines": [70, 72, 73, 74, 75, 76, 78], "excluded_lines": [], "start_line": 68}, "TelemetryServer.process_message": {"executed_lines": [], "summary": {"covered_lines": 0, "num_statements": 15, "percent_covered": 0.0, "percent_covered_display": "0.0", "missing_lines": 15, "excluded_lines": 0, "percent_statements_covered": 0.0, "percent_statements_covered_display": "0.0"}, "missing_lines": [82, 83, 84, 86, 88, 89, 94, 96, 98, 99, 101, 103, 104, 106, 107], "excluded_lines": [], "start_line": 80}, "TelemetryServer.get_system_status": {"executed_lines": [], "summary": {"covered_lines": 0, "num_statements": 1, "percent_covered": 0.0, "percent_covered_display": "0.0", "missing_lines": 1, "excluded_lines": 0, "percent_statements_covered": 0.0, "percent_statements_covered_display": "0.0"}, "missing_lines": [111], "excluded_lines": [], "start_line": 109}, "TelemetryServer.get_ebdi_telemetry": {"executed_lines": [], "summary": {"covered_lines": 0, "num_statements": 7, "percent_covered": 0.0, "percent_covered_display": "0.0", "missing_lines": 7, "excluded_lines": 0, "percent_statements_covered": 0.0, "percent_statements_covered_display": "0.0"}, "missing_lines": [122, 123, 124, 125, 126, 128, 133], "excluded_lines": [], "start_line": 119}, "TelemetryServer.get_trust_scores": {"executed_lines": [], "summary": {"covered_lines": 0, "num_statements": 2, "percent_covered": 0.0, "percent_covered_display": "0.0", "missing_lines": 2, "excluded_lines": 0, "percent_statements_covered": 0.0, "percent_statements_covered_display": "0.0"}, "missing_lines": [143, 151], "excluded_lines": [], "start_line": 141}, "TelemetryServer.broadcast_telemetry": {"executed_lines": [], "summary": {"covered_lines": 0, "num_statements": 13, "percent_covered": 0.0, "percent_covered_display": "0.0", "missing_lines": 13, "excluded_lines": 0, "percent_statements_covered": 0.0, "percent_statements_covered_display": "0.0"}, "missing_lines": [160, 161, 162, 163, 165, 166, 167, 168, 169, 170, 172, 173, 175], "excluded_lines": [], "start_line": 158}, "TelemetryServer.broadcast_trust_scores": {"executed_lines": [], "summary": {"covered_lines": 0, "num_statements": 13, "percent_covered": 0.0, "percent_covered_display": "0.0", "missing_lines": 13, "excluded_lines": 0, "percent_statements_covered": 0.0, "percent_statements_covered_display": "0.0"}, "missing_lines": [179, 180, 182, 183, 184, 186, 187, 188, 189, 190, 191, 193, 194], "excluded_lines": [], "start_line": 177}, "TelemetryServer.start": {"executed_lines": [], "summary": {"covered_lines": 0, "num_statements": 7, "percent_covered": 0.0, "percent_covered_display": "0.0", "missing_lines": 7, "excluded_lines": 0, "percent_statements_covered": 0.0, "percent_statements_covered_display": "0.0"}, "missing_lines": [198, 201, 202, 205, 206, 207, 208], "excluded_lines": [], "start_line": 196}, "TelemetryServer.stop": {"executed_lines": [], "summary": {"covered_lines": 0, "num_statements": 1, "percent_covered": 0.0, "percent_covered_display": "0.0", "missing_lines": 1, "excluded_lines": 0, "percent_statements_covered": 0.0, "percent_statements_covered_display": "0.0"}, "missing_lines": [212], "excluded_lines": [], "start_line": 210}, "main": {"executed_lines": [], "summary": {"covered_lines": 0, "num_statements": 6, "percent_covered": 0.0, "percent_covered_display": "0.0", "missing_lines": 6, "excluded_lines": 0, "percent_statements_covered": 0.0, "percent_statements_covered_display": "0.0"}, "missing_lines": [216, 218, 219, 220, 221, 222], "excluded_lines": [], "start_line": 215}, "": {"executed_lines": [], "summary": {"covered_lines": 0, "num_statements": 31, "percent_covered": 0.0, "percent_covered_display": "0.0", "missing_lines": 31, "excluded_lines": 7, "percent_statements_covered": 0.0, "percent_statements_covered_display": "0.0"}, "missing_lines": [8, 9, 10, 11, 12, 13, 14, 15, 17, 18, 21, 23, 25, 26, 29, 32, 44, 51, 54, 58, 63, 68, 80, 109, 119, 141, 158, 177, 196, 210, 215], "excluded_lines": [225, 226, 227, 228, 229, 230, 232], "start_line": 1}}, "classes": {"TelemetryServer": {"executed_lines": [], "summary": {"covered_lines": 0, "num_statements": 72, "percent_covered": 0.0, "percent_covered_display": "0.0", "missing_lines": 72, "excluded_lines": 0, "percent_statements_covered": 0.0, "percent_statements_covered_display": "0.0"}, "missing_lines": [55, 56, 60, 61, 65, 66, 70, 72, 73, 74, 75, 76, 78, 82, 83, 84, 86, 88, 89, 94, 96, 98, 99, 101, 103, 104, 106, 107, 111, 122, 123, 124, 125, 126, 128, 133, 143, 151, 160, 161, 162, 163, 165, 166, 167, 168, 169, 170, 172, 173, 175, 179, 180, 182, 183, 184, 186, 187, 188, 189, 190, 191, 193, 194, 198, 201, 202, 205, 206, 207, 208, 212], "excluded_lines": [], "start_line": 51}, "": {"executed_lines": [], "summary": {"covered_lines": 0, "num_statements": 37, "percent_covered": 0.0, "percent_covered_display": "0.0", "missing_lines": 37, "excluded_lines": 7, "percent_statements_covered": 0.0, "percent_statements_covered_display": "0.0"}, "missing_lines": [8, 9, 10, 11, 12, 13, 14, 15, 17, 18, 21, 23, 25, 26, 29, 32, 44, 51, 54, 58, 63, 68, 80, 109, 119, 141, 158, 177, 196, 210, 215, 216, 218, 219, 220, 221, 222], "excluded_lines": [225, 226, 227, 228, 229, 230, 232], "start_line": 1}}}, "uap\\conftest.py": {"executed_lines": [], "summary": {"covered_lines": 0, "num_statements": 5, "percent_covered": 0.0, "percent_covered_display": "0.0", "missing_lines": 5, "excluded_lines": 0, "percent_statements_covered": 0.0, "percent_statements_covered_display": "0.0"}, "missing_lines": [2, 3, 6, 7, 8], "excluded_lines": [], "functions": {"": {"executed_lines": [], "summary": {"covered_lines": 0, "num_statements": 5, "percent_covered": 0.0, "percent_covered_display": "0.0", "missing_lines": 5, "excluded_lines": 0, "percent_statements_covered": 0.0, "percent_statements_covered_display": "0.0"}, "missing_lines": [2, 3, 6, 7, 8], "excluded_lines": [], "start_line": 1}}, "classes": {"": {"executed_lines": [], "summary": {"covered_lines": 0, "num_statements": 5, "percent_covered": 0.0, "percent_covered_display": "0.0", "missing_lines": 5, "excluded_lines": 0, "percent_statements_covered": 0.0, "percent_statements_covered_display": "0.0"}, "missing_lines": [2, 3, 6, 7, 8], "excluded_lines": [], "start_line": 1}}}, "uap\\frontend\\__init__.py": {"executed_lines": [], "summary": {"covered_lines": 0, "num_statements": 0, "percent_covered": 100.0, "percent_covered_display": "100.0", "missing_lines": 0, "excluded_lines": 0, "percent_statements_covered": 100.0, "percent_statements_covered_display": "100.0"}, "missing_lines": [], "excluded_lines": [], "functions": {"": {"executed_lines": [], "summary": {"covered_lines": 0, "num_statements": 0, "percent_covered": 100.0, "percent_covered_display": "100.0", "missing_lines": 0, "excluded_lines": 0, "percent_statements_covered": 100.0, "percent_statements_covered_display": "100.0"}, "missing_lines": [], "excluded_lines": [], "start_line": 1}}, "classes": {"": {"executed_lines": [], "summary": {"covered_lines": 0, "num_statements": 0, "percent_covered": 100.0, "percent_covered_display": "100.0", "missing_lines": 0, "excluded_lines": 0, "percent_statements_covered": 100.0, "percent_statements_covered_display": "100.0"}, "missing_lines": [], "excluded_lines": [], "start_line": 1}}}, "uap\\frontend\\serve.py": {"executed_lines": [], "summary": {"covered_lines": 0, "num_statements": 12, "percent_covered": 0.0, "percent_covered_display": "0.0", "missing_lines": 12, "excluded_lines": 13, "percent_statements_covered": 0.0, "percent_statements_covered_display": "0.0"}, "missing_lines": [6, 7, 8, 9, 10, 12, 13, 15, 17, 19, 20, 22], "excluded_lines": [24, 25, 26, 27, 28, 30, 31, 32, 34, 35, 36, 37, 38], "functions": {"QuietHTTPRequestHandler.log_message": {"executed_lines": [], "summary": {"covered_lines": 0, "num_statements": 1, "percent_covered": 0.0, "percent_covered_display": "0.0", "missing_lines": 1, "excluded_lines": 0, "percent_statements_covered": 0.0, "percent_statements_covered_display": "0.0"}, "missing_lines": [22], "excluded_lines": [], "start_line": 20}, "": {"executed_lines": [], "summary": {"covered_lines": 0, "num_statements": 11, "percent_covered": 0.0, "percent_covered_display": "0.0", "missing_lines": 11, "excluded_lines": 13, "percent_statements_covered": 0.0, "percent_statements_covered_display": "0.0"}, "missing_lines": [6, 7, 8, 9, 10, 12, 13, 15, 17, 19, 20], "excluded_lines": [24, 25, 26, 27, 28, 30, 31, 32, 34, 35, 36, 37, 38], "start_line": 1}}, "classes": {"QuietHTTPRequestHandler": {"executed_lines": [], "summary": {"covered_lines": 0, "num_statements": 1, "percent_covered": 0.0, "percent_covered_display": "0.0", "missing_lines": 1, "excluded_lines": 0, "percent_statements_covered": 0.0, "percent_statements_covered_display": "0.0"}, "missing_lines": [22], "excluded_lines": [], "start_line": 19}, "": {"executed_lines": [], "summary": {"covered_lines": 0, "num_statements": 11, "percent_covered": 0.0, "percent_covered_display": "0.0", "missing_lines": 11, "excluded_lines": 13, "percent_statements_covered": 0.0, "percent_statements_covered_display": "0.0"}, "missing_lines": [6, 7, 8, 9, 10, 12, 13, 15, 17, 19, 20], "excluded_lines": [24, 25, 26, 27, 28, 30, 31, 32, 34, 35, 36, 37, 38], "start_line": 1}}}}, "totals": {"covered_lines": 0, "num_statements": 5985, "percent_covered": 0.0, "percent_covered_display": "0.0", "missing_lines": 5985, "excluded_lines": 131, "percent_statements_covered": 0.0, "percent_statements_covered_display": "0.0"}}